{"/home/travis/build/npmtest/node-npmtest-meteor/test.js":{"path":"/home/travis/build/npmtest/node-npmtest-meteor/test.js","s":{"1":2,"2":2,"3":2,"4":2,"5":2,"6":2,"7":2,"8":1,"9":2,"10":2,"11":1,"12":1,"13":1,"14":1,"15":2,"16":2,"17":2,"18":2,"19":1,"20":1,"21":2,"22":2,"23":2,"24":1,"25":1,"26":1,"27":1,"28":1,"29":1,"30":1,"31":1,"32":1,"33":1,"34":1,"35":1,"36":1,"37":1,"38":1,"39":2,"40":2,"41":1,"42":2,"43":2,"44":1,"45":2,"46":2,"47":1,"48":2,"49":2,"50":1,"51":1,"52":1,"53":1,"54":1},"b":{"1":[2,1,1,1],"2":[1,1,1,1],"3":[1,1],"4":[1,1],"5":[1,1],"6":[1,1],"7":[1,1],"8":[1,1],"9":[1,1],"10":[1,1,1],"11":[1,1],"12":[1,1],"13":[1,1],"14":[1,1],"15":[1,1],"16":[1,1],"17":[1,1]},"f":{"1":2,"2":2,"3":2,"4":2,"5":2,"6":1,"7":1,"8":1,"9":2,"10":2,"11":2,"12":2,"13":1},"fnMap":{"1":{"name":"(anonymous_1)","line":12,"loc":{"start":{"line":12,"column":1},"end":{"line":12,"column":13}}},"2":{"name":"(anonymous_2)","line":19,"loc":{"start":{"line":19,"column":5},"end":{"line":19,"column":17}}},"3":{"name":"(anonymous_3)","line":23,"loc":{"start":{"line":23,"column":24},"end":{"line":23,"column":36}}},"4":{"name":"(anonymous_4)","line":61,"loc":{"start":{"line":61,"column":5},"end":{"line":61,"column":17}}},"5":{"name":"(anonymous_5)","line":82,"loc":{"start":{"line":82,"column":5},"end":{"line":82,"column":17}}},"6":{"name":"(anonymous_6)","line":91,"loc":{"start":{"line":91,"column":77},"end":{"line":94,"column":10}}},"7":{"name":"(anonymous_7)","line":112,"loc":{"start":{"line":112,"column":83},"end":{"line":115,"column":10}},"skip":true},"8":{"name":"(anonymous_8)","line":123,"loc":{"start":{"line":123,"column":77},"end":{"line":126,"column":10}},"skip":true},"9":{"name":"(anonymous_9)","line":139,"loc":{"start":{"line":139,"column":12},"end":{"line":139,"column":40}},"skip":true},"10":{"name":"(anonymous_10)","line":147,"loc":{"start":{"line":147,"column":77},"end":{"line":150,"column":10}},"skip":true},"11":{"name":"(anonymous_11)","line":158,"loc":{"start":{"line":158,"column":83},"end":{"line":161,"column":10}},"skip":true},"12":{"name":"(anonymous_12)","line":169,"loc":{"start":{"line":169,"column":79},"end":{"line":172,"column":10}},"skip":true},"13":{"name":"(anonymous_13)","line":180,"loc":{"start":{"line":180,"column":75},"end":{"line":183,"column":10}},"skip":true}},"statementMap":{"1":{"start":{"line":12,"column":0},"end":{"line":195,"column":5}},"2":{"start":{"line":14,"column":4},"end":{"line":14,"column":14}},"3":{"start":{"line":19,"column":4},"end":{"line":56,"column":9}},"4":{"start":{"line":21,"column":8},"end":{"line":21,"column":19}},"5":{"start":{"line":23,"column":8},"end":{"line":35,"column":13}},"6":{"start":{"line":24,"column":12},"end":{"line":34,"column":13}},"7":{"start":{"line":25,"column":16},"end":{"line":28,"column":30}},"8":{"start":{"line":30,"column":16},"end":{"line":33,"column":27}},"9":{"start":{"line":37,"column":8},"end":{"line":39,"column":21}},"10":{"start":{"line":40,"column":8},"end":{"line":53,"column":9}},"11":{"start":{"line":43,"column":12},"end":{"line":46,"column":14}},"12":{"start":{"line":47,"column":12},"end":{"line":47,"column":18}},"13":{"start":{"line":50,"column":12},"end":{"line":51,"column":33}},"14":{"start":{"line":52,"column":12},"end":{"line":52,"column":18}},"15":{"start":{"line":55,"column":8},"end":{"line":55,"column":35}},"16":{"start":{"line":61,"column":4},"end":{"line":63,"column":9}},"17":{"start":{"line":62,"column":8},"end":{"line":62,"column":15}},"18":{"start":{"line":64,"column":4},"end":{"line":77,"column":5}},"19":{"start":{"line":70,"column":8},"end":{"line":70,"column":14}},"20":{"start":{"line":76,"column":8},"end":{"line":76,"column":14}},"21":{"start":{"line":82,"column":4},"end":{"line":84,"column":9}},"22":{"start":{"line":83,"column":8},"end":{"line":83,"column":15}},"23":{"start":{"line":85,"column":4},"end":{"line":194,"column":5}},"24":{"start":{"line":91,"column":8},"end":{"line":99,"column":10}},"25":{"start":{"line":98,"column":12},"end":{"line":98,"column":35}},"26":{"start":{"line":102,"column":8},"end":{"line":104,"column":63}},"27":{"start":{"line":105,"column":8},"end":{"line":105,"column":14}},"28":{"start":{"line":112,"column":8},"end":{"line":121,"column":10},"skip":true},"29":{"start":{"line":119,"column":12},"end":{"line":119,"column":55},"skip":true},"30":{"start":{"line":120,"column":12},"end":{"line":120,"column":48},"skip":true},"31":{"start":{"line":123,"column":8},"end":{"line":136,"column":10},"skip":true},"32":{"start":{"line":130,"column":12},"end":{"line":130,"column":76},"skip":true},"33":{"start":{"line":131,"column":12},"end":{"line":131,"column":73},"skip":true},"34":{"start":{"line":132,"column":12},"end":{"line":132,"column":74},"skip":true},"35":{"start":{"line":133,"column":12},"end":{"line":133,"column":79},"skip":true},"36":{"start":{"line":134,"column":12},"end":{"line":134,"column":25},"skip":true},"37":{"start":{"line":135,"column":12},"end":{"line":135,"column":45},"skip":true},"38":{"start":{"line":138,"column":8},"end":{"line":145,"column":14},"skip":true},"39":{"start":{"line":143,"column":16},"end":{"line":143,"column":29},"skip":true},"40":{"start":{"line":144,"column":16},"end":{"line":144,"column":55},"skip":true},"41":{"start":{"line":147,"column":8},"end":{"line":156,"column":10},"skip":true},"42":{"start":{"line":154,"column":12},"end":{"line":154,"column":25},"skip":true},"43":{"start":{"line":155,"column":12},"end":{"line":155,"column":45},"skip":true},"44":{"start":{"line":158,"column":8},"end":{"line":167,"column":10},"skip":true},"45":{"start":{"line":165,"column":12},"end":{"line":165,"column":25},"skip":true},"46":{"start":{"line":166,"column":12},"end":{"line":166,"column":48},"skip":true},"47":{"start":{"line":169,"column":8},"end":{"line":178,"column":10},"skip":true},"48":{"start":{"line":176,"column":12},"end":{"line":176,"column":25},"skip":true},"49":{"start":{"line":177,"column":12},"end":{"line":177,"column":46},"skip":true},"50":{"start":{"line":180,"column":8},"end":{"line":189,"column":10},"skip":true},"51":{"start":{"line":187,"column":12},"end":{"line":187,"column":94},"skip":true},"52":{"start":{"line":188,"column":12},"end":{"line":188,"column":48},"skip":true},"53":{"start":{"line":192,"column":8},"end":{"line":192,"column":35},"skip":true},"54":{"start":{"line":193,"column":8},"end":{"line":193,"column":14},"skip":true}},"branchMap":{"1":{"line":25,"type":"binary-expr","locations":[{"start":{"line":25,"column":23},"end":{"line":25,"column":62}},{"start":{"line":26,"column":20},"end":{"line":26,"column":70}},{"start":{"line":27,"column":20},"end":{"line":27,"column":71}},{"start":{"line":28,"column":20},"end":{"line":28,"column":29}}]},"2":{"line":30,"type":"binary-expr","locations":[{"start":{"line":30,"column":23},"end":{"line":30,"column":37}},{"start":{"line":31,"column":20},"end":{"line":31,"column":61}},{"start":{"line":32,"column":20},"end":{"line":32,"column":70}},{"start":{"line":33,"column":20},"end":{"line":33,"column":26}}]},"3":{"line":37,"type":"cond-expr","locations":[{"start":{"line":38,"column":14},"end":{"line":38,"column":20}},{"start":{"line":39,"column":14},"end":{"line":39,"column":20}}]},"4":{"line":40,"type":"switch","locations":[{"start":{"line":42,"column":8},"end":{"line":47,"column":18}},{"start":{"line":49,"column":8},"end":{"line":52,"column":18}}]},"5":{"line":44,"type":"binary-expr","locations":[{"start":{"line":44,"column":16},"end":{"line":44,"column":44}},{"start":{"line":44,"column":48},"end":{"line":44,"column":66}}]},"6":{"line":50,"type":"binary-expr","locations":[{"start":{"line":50,"column":21},"end":{"line":50,"column":49}},{"start":{"line":50,"column":53},"end":{"line":50,"column":72}}]},"7":{"line":64,"type":"switch","locations":[{"start":{"line":69,"column":4},"end":{"line":70,"column":14}},{"start":{"line":75,"column":4},"end":{"line":76,"column":14}}]},"8":{"line":85,"type":"switch","locations":[{"start":{"line":90,"column":4},"end":{"line":105,"column":14}},{"start":{"line":111,"column":4},"end":{"line":193,"column":14},"skip":true}]},"9":{"line":91,"type":"binary-expr","locations":[{"start":{"line":91,"column":42},"end":{"line":91,"column":73}},{"start":{"line":91,"column":77},"end":{"line":99,"column":9}}]},"10":{"line":102,"type":"binary-expr","locations":[{"start":{"line":102,"column":18},"end":{"line":102,"column":32}},{"start":{"line":103,"column":12},"end":{"line":103,"column":53}},{"start":{"line":104,"column":12},"end":{"line":104,"column":61}}]},"11":{"line":112,"type":"binary-expr","locations":[{"start":{"line":112,"column":45},"end":{"line":112,"column":79},"skip":true},{"start":{"line":112,"column":83},"end":{"line":121,"column":9},"skip":true}]},"12":{"line":123,"type":"binary-expr","locations":[{"start":{"line":123,"column":42},"end":{"line":123,"column":73},"skip":true},{"start":{"line":123,"column":77},"end":{"line":136,"column":9},"skip":true}]},"13":{"line":138,"type":"binary-expr","locations":[{"start":{"line":138,"column":48},"end":{"line":138,"column":85},"skip":true},{"start":{"line":139,"column":12},"end":{"line":145,"column":13},"skip":true}]},"14":{"line":147,"type":"binary-expr","locations":[{"start":{"line":147,"column":42},"end":{"line":147,"column":73},"skip":true},{"start":{"line":147,"column":77},"end":{"line":156,"column":9},"skip":true}]},"15":{"line":158,"type":"binary-expr","locations":[{"start":{"line":158,"column":45},"end":{"line":158,"column":79},"skip":true},{"start":{"line":158,"column":83},"end":{"line":167,"column":9},"skip":true}]},"16":{"line":169,"type":"binary-expr","locations":[{"start":{"line":169,"column":43},"end":{"line":169,"column":75},"skip":true},{"start":{"line":169,"column":79},"end":{"line":178,"column":9},"skip":true}]},"17":{"line":180,"type":"binary-expr","locations":[{"start":{"line":180,"column":41},"end":{"line":180,"column":71},"skip":true},{"start":{"line":180,"column":75},"end":{"line":189,"column":9},"skip":true}]}},"code":["/* istanbul instrument in package npmtest_meteor */","/*jslint","    bitwise: true,","    browser: true,","    maxerr: 8,","    maxlen: 96,","    node: true,","    nomen: true,","    regexp: true,","    stupid: true","*/","(function () {","    'use strict';","    var local;","","","","    // run shared js-env code - pre-init","    (function () {","        // init local","        local = {};","        // init modeJs","        local.modeJs = (function () {","            try {","                return typeof navigator.userAgent === 'string' &&","                    typeof document.querySelector('body') === 'object' &&","                    typeof XMLHttpRequest.prototype.open === 'function' &&","                    'browser';","            } catch (errorCaughtBrowser) {","                return module.exports &&","                    typeof process.versions.node === 'string' &&","                    typeof require('http').createServer === 'function' &&","                    'node';","            }","        }());","        // init global","        local.global = local.modeJs === 'browser'","            ? window","            : global;","        switch (local.modeJs) {","        // re-init local from window.local","        case 'browser':","            local = local.global.utility2.objectSetDefault(","                local.global.utility2_rollup || local.global.local,","                local.global.utility2","            );","            break;","        // re-init local from example.js","        case 'node':","            local = (local.global.utility2_rollup || require('utility2'))","                .requireReadme();","            break;","        }","        // export local","        local.global.local = local;","    }());","","","","    // run shared js-env code - function","    (function () {","        return;","    }());","    switch (local.modeJs) {","","","","    // run browser js-env code - function","    case 'browser':","        break;","","","","    // run node js-env code - function","    case 'node':","        break;","    }","","","","    // run shared js-env code - post-init","    (function () {","        return;","    }());","    switch (local.modeJs) {","","","","    // run browser js-env code - post-init","    case 'browser':","        local.testCase_browser_nullCase = local.testCase_browser_nullCase || function (","            options,","            onError","        ) {","        /*","         * this function will test browsers's null-case handling-behavior-behavior","         */","            onError(null, options);","        };","","        // run tests","        local.nop(local.modeTest &&","            document.querySelector('#testRunButton1') &&","            document.querySelector('#testRunButton1').click());","        break;","","","","    // run node js-env code - post-init","    /* istanbul ignore next */","    case 'node':","        local.testCase_buildApidoc_default = local.testCase_buildApidoc_default || function (","            options,","            onError","        ) {","        /*","         * this function will test buildApidoc's default handling-behavior-behavior","         */","            options = { modulePathList: module.paths };","            local.buildApidoc(options, onError);","        };","","        local.testCase_buildApp_default = local.testCase_buildApp_default || function (","            options,","            onError","        ) {","        /*","         * this function will test buildApp's default handling-behavior-behavior","         */","            local.testCase_buildReadme_default(options, local.onErrorThrow);","            local.testCase_buildLib_default(options, local.onErrorThrow);","            local.testCase_buildTest_default(options, local.onErrorThrow);","            local.testCase_buildCustomOrg_default(options, local.onErrorThrow);","            options = [];","            local.buildApp(options, onError);","        };","","        local.testCase_buildCustomOrg_default = local.testCase_buildCustomOrg_default ||","            function (options, onError) {","            /*","             * this function will test buildCustomOrg's default handling-behavior","             */","                options = {};","                local.buildCustomOrg(options, onError);","            };","","        local.testCase_buildLib_default = local.testCase_buildLib_default || function (","            options,","            onError","        ) {","        /*","         * this function will test buildLib's default handling-behavior","         */","            options = {};","            local.buildLib(options, onError);","        };","","        local.testCase_buildReadme_default = local.testCase_buildReadme_default || function (","            options,","            onError","        ) {","        /*","         * this function will test buildReadme's default handling-behavior-behavior","         */","            options = {};","            local.buildReadme(options, onError);","        };","","        local.testCase_buildTest_default = local.testCase_buildTest_default || function (","            options,","            onError","        ) {","        /*","         * this function will test buildTest's default handling-behavior","         */","            options = {};","            local.buildTest(options, onError);","        };","","        local.testCase_webpage_default = local.testCase_webpage_default || function (","            options,","            onError","        ) {","        /*","         * this function will test webpage's default handling-behavior","         */","            options = { modeCoverageMerge: true, url: local.serverLocalHost + '?modeTest=1' };","            local.browserTest(options, onError);","        };","","        // run test-server","        local.testRunServer(local);","        break;","    }","}());",""],"l":{"12":2,"14":2,"19":2,"21":2,"23":2,"24":2,"25":2,"30":1,"37":2,"40":2,"43":1,"47":1,"50":1,"52":1,"55":2,"61":2,"62":2,"64":2,"70":1,"76":1,"82":2,"83":2,"85":2,"91":1,"98":1,"102":1,"105":1,"112":1,"119":1,"120":1,"123":1,"130":1,"131":1,"132":1,"133":1,"134":1,"135":1,"138":1,"143":2,"144":2,"147":1,"154":2,"155":2,"158":1,"165":2,"166":2,"169":1,"176":2,"177":2,"180":1,"187":1,"188":1,"192":1,"193":1}},"/home/travis/build/npmtest/node-npmtest-meteor/lib.npmtest_meteor.js":{"path":"/home/travis/build/npmtest/node-npmtest-meteor/lib.npmtest_meteor.js","s":{"1":2,"2":2,"3":2,"4":2,"5":2,"6":2,"7":2,"8":1,"9":2,"10":2,"11":2,"12":2,"13":1,"14":1,"15":1,"16":1},"b":{"1":[2,1,1,1],"2":[1,1,1,1],"3":[1,1],"4":[2,2],"5":[1,1]},"f":{"1":2,"2":2,"3":2},"fnMap":{"1":{"name":"(anonymous_1)","line":12,"loc":{"start":{"line":12,"column":1},"end":{"line":12,"column":13}}},"2":{"name":"(anonymous_2)","line":19,"loc":{"start":{"line":19,"column":5},"end":{"line":19,"column":17}}},"3":{"name":"(anonymous_3)","line":23,"loc":{"start":{"line":23,"column":24},"end":{"line":23,"column":36}}}},"statementMap":{"1":{"start":{"line":12,"column":0},"end":{"line":53,"column":5}},"2":{"start":{"line":14,"column":4},"end":{"line":14,"column":14}},"3":{"start":{"line":19,"column":4},"end":{"line":52,"column":9}},"4":{"start":{"line":21,"column":8},"end":{"line":21,"column":19}},"5":{"start":{"line":23,"column":8},"end":{"line":35,"column":13}},"6":{"start":{"line":24,"column":12},"end":{"line":34,"column":13}},"7":{"start":{"line":25,"column":16},"end":{"line":28,"column":30}},"8":{"start":{"line":30,"column":16},"end":{"line":33,"column":27}},"9":{"start":{"line":37,"column":8},"end":{"line":39,"column":21}},"10":{"start":{"line":41,"column":8},"end":{"line":41,"column":54}},"11":{"start":{"line":43,"column":8},"end":{"line":43,"column":51}},"12":{"start":{"line":45,"column":8},"end":{"line":51,"column":9}},"13":{"start":{"line":46,"column":12},"end":{"line":46,"column":57}},"14":{"start":{"line":48,"column":12},"end":{"line":48,"column":35}},"15":{"start":{"line":49,"column":12},"end":{"line":49,"column":49}},"16":{"start":{"line":50,"column":12},"end":{"line":50,"column":43}}},"branchMap":{"1":{"line":25,"type":"binary-expr","locations":[{"start":{"line":25,"column":23},"end":{"line":25,"column":62}},{"start":{"line":26,"column":20},"end":{"line":26,"column":70}},{"start":{"line":27,"column":20},"end":{"line":27,"column":71}},{"start":{"line":28,"column":20},"end":{"line":28,"column":29}}]},"2":{"line":30,"type":"binary-expr","locations":[{"start":{"line":30,"column":23},"end":{"line":30,"column":37}},{"start":{"line":31,"column":20},"end":{"line":31,"column":61}},{"start":{"line":32,"column":20},"end":{"line":32,"column":70}},{"start":{"line":33,"column":20},"end":{"line":33,"column":26}}]},"3":{"line":37,"type":"cond-expr","locations":[{"start":{"line":38,"column":14},"end":{"line":38,"column":20}},{"start":{"line":39,"column":14},"end":{"line":39,"column":20}}]},"4":{"line":41,"type":"binary-expr","locations":[{"start":{"line":41,"column":16},"end":{"line":41,"column":44}},{"start":{"line":41,"column":48},"end":{"line":41,"column":53}}]},"5":{"line":45,"type":"if","locations":[{"start":{"line":45,"column":8},"end":{"line":45,"column":8}},{"start":{"line":45,"column":8},"end":{"line":45,"column":8}}]}},"code":["/* istanbul instrument in package npmtest_meteor */","/*jslint","    bitwise: true,","    browser: true,","    maxerr: 8,","    maxlen: 96,","    node: true,","    nomen: true,","    regexp: true,","    stupid: true","*/","(function () {","    'use strict';","    var local;","","","","    // run shared js-env code - pre-init","    (function () {","        // init local","        local = {};","        // init modeJs","        local.modeJs = (function () {","            try {","                return typeof navigator.userAgent === 'string' &&","                    typeof document.querySelector('body') === 'object' &&","                    typeof XMLHttpRequest.prototype.open === 'function' &&","                    'browser';","            } catch (errorCaughtBrowser) {","                return module.exports &&","                    typeof process.versions.node === 'string' &&","                    typeof require('http').createServer === 'function' &&","                    'node';","            }","        }());","        // init global","        local.global = local.modeJs === 'browser'","            ? window","            : global;","        // init utility2_rollup","        local = local.global.utility2_rollup || local;","        // init lib","        local.local = local.npmtest_meteor = local;","        // init exports","        if (local.modeJs === 'browser') {","            local.global.utility2_npmtest_meteor = local;","        } else {","            module.exports = local;","            module.exports.__dirname = __dirname;","            module.exports.module = module;","        }","    }());","}());",""],"l":{"12":2,"14":2,"19":2,"21":2,"23":2,"24":2,"25":2,"30":1,"37":2,"41":2,"43":2,"45":2,"46":1,"48":1,"49":1,"50":1}},"/home/travis/build/npmtest/node-npmtest-meteor/example.js":{"path":"/home/travis/build/npmtest/node-npmtest-meteor/example.js","s":{"1":2,"2":2,"3":2,"4":2,"5":2,"6":2,"7":2,"8":1,"9":2,"10":2,"11":2,"12":2,"13":1,"14":2,"15":2,"16":2,"17":2,"18":2,"19":0,"20":2,"21":1,"22":1,"23":1,"24":1,"25":1,"26":0,"27":0,"28":1,"29":1,"30":2,"31":0,"32":0,"33":0,"34":1,"35":2,"36":2,"37":3,"38":3,"39":3,"40":3,"41":0,"42":3,"43":3,"44":3,"45":1,"46":3,"47":1,"48":1,"49":1,"50":1,"51":1,"52":1,"53":1,"54":1,"55":1,"56":1,"57":0,"58":1,"59":6,"60":6,"61":1,"62":2,"63":0,"64":2,"65":1,"66":1,"67":0,"68":0,"69":0,"70":0,"71":0,"72":0,"73":0,"74":0,"75":0,"76":0,"77":0,"78":0,"79":0,"80":0,"81":0,"82":0,"83":0},"b":{"1":[2,1,1,1],"2":[1,1,1,1],"3":[1,1],"4":[2,2],"5":[1,1],"6":[1,1],"7":[2,0],"8":[2,1,1,1,1,1],"9":[0,2,0],"10":[1,1],"11":[2,1,1],"12":[1,0],"13":[0,2],"14":[2,0,0,0,0,0,0],"15":[0,3],"16":[3,0],"17":[1,1],"18":[0,1],"19":[1,2,0,2],"20":[1,0],"21":[1,1],"22":[0,0],"23":[0,0],"24":[0,0],"25":[0,0],"26":[0,0],"27":[0,0],"28":[0,0]},"f":{"1":2,"2":2,"3":2,"4":2,"5":2,"6":2,"7":3,"8":3,"9":3,"10":1,"11":6,"12":0},"fnMap":{"1":{"name":"(anonymous_1)","line":26,"loc":{"start":{"line":26,"column":1},"end":{"line":26,"column":13}}},"2":{"name":"(anonymous_2)","line":33,"loc":{"start":{"line":33,"column":5},"end":{"line":33,"column":17}}},"3":{"name":"(anonymous_3)","line":37,"loc":{"start":{"line":37,"column":24},"end":{"line":37,"column":36}}},"4":{"name":"(anonymous_4)","line":69,"loc":{"start":{"line":69,"column":31},"end":{"line":69,"column":48}},"skip":true},"5":{"name":"(anonymous_5)","line":78,"loc":{"start":{"line":78,"column":26},"end":{"line":78,"column":45}},"skip":true},"6":{"name":"(anonymous_6)","line":123,"loc":{"start":{"line":123,"column":33},"end":{"line":123,"column":48}},"skip":true},"7":{"name":"(anonymous_7)","line":125,"loc":{"start":{"line":125,"column":27},"end":{"line":125,"column":39}},"skip":true},"8":{"name":"(anonymous_8)","line":133,"loc":{"start":{"line":133,"column":59},"end":{"line":133,"column":74}},"skip":true},"9":{"name":"(anonymous_9)","line":143,"loc":{"start":{"line":143,"column":45},"end":{"line":143,"column":62}},"skip":true},"10":{"name":"(anonymous_10)","line":144,"loc":{"start":{"line":144,"column":73},"end":{"line":144,"column":92}},"skip":true},"11":{"name":"(anonymous_11)","line":272,"loc":{"start":{"line":272,"column":51},"end":{"line":272,"column":77}},"skip":true},"12":{"name":"(anonymous_12)","line":315,"loc":{"start":{"line":315,"column":32},"end":{"line":315,"column":61}},"skip":true}},"statementMap":{"1":{"start":{"line":26,"column":0},"end":{"line":326,"column":5}},"2":{"start":{"line":28,"column":4},"end":{"line":28,"column":14}},"3":{"start":{"line":33,"column":4},"end":{"line":60,"column":9}},"4":{"start":{"line":35,"column":8},"end":{"line":35,"column":19}},"5":{"start":{"line":37,"column":8},"end":{"line":49,"column":13}},"6":{"start":{"line":38,"column":12},"end":{"line":48,"column":13}},"7":{"start":{"line":39,"column":16},"end":{"line":42,"column":30}},"8":{"start":{"line":44,"column":16},"end":{"line":47,"column":27}},"9":{"start":{"line":51,"column":8},"end":{"line":53,"column":21}},"10":{"start":{"line":55,"column":8},"end":{"line":57,"column":45}},"11":{"start":{"line":59,"column":8},"end":{"line":59,"column":35}},"12":{"start":{"line":61,"column":4},"end":{"line":325,"column":5}},"13":{"start":{"line":69,"column":8},"end":{"line":121,"column":10},"skip":true},"14":{"start":{"line":70,"column":12},"end":{"line":88,"column":13},"skip":true},"15":{"start":{"line":76,"column":16},"end":{"line":87,"column":19},"skip":true},"16":{"start":{"line":79,"column":20},"end":{"line":86,"column":21},"skip":true},"17":{"start":{"line":82,"column":24},"end":{"line":82,"column":43},"skip":true},"18":{"start":{"line":83,"column":24},"end":{"line":83,"column":30},"skip":true},"19":{"start":{"line":85,"column":24},"end":{"line":85,"column":49},"skip":true},"20":{"start":{"line":89,"column":12},"end":{"line":107,"column":13},"skip":true},"21":{"start":{"line":92,"column":16},"end":{"line":102,"column":17},"skip":true},"22":{"start":{"line":93,"column":20},"end":{"line":93,"column":86},"skip":true},"23":{"start":{"line":94,"column":20},"end":{"line":95,"column":45},"skip":true},"24":{"start":{"line":96,"column":20},"end":{"line":96,"column":42},"skip":true},"25":{"start":{"line":97,"column":20},"end":{"line":97,"column":48},"skip":true},"26":{"start":{"line":100,"column":20},"end":{"line":100,"column":85},"skip":true},"27":{"start":{"line":101,"column":20},"end":{"line":101,"column":96},"skip":true},"28":{"start":{"line":103,"column":16},"end":{"line":103,"column":22},"skip":true},"29":{"start":{"line":106,"column":16},"end":{"line":106,"column":22},"skip":true},"30":{"start":{"line":108,"column":12},"end":{"line":120,"column":13},"skip":true},"31":{"start":{"line":114,"column":16},"end":{"line":119,"column":17},"skip":true},"32":{"start":{"line":116,"column":20},"end":{"line":116,"column":78},"skip":true},"33":{"start":{"line":118,"column":20},"end":{"line":118,"column":47},"skip":true},"34":{"start":{"line":123,"column":8},"end":{"line":141,"column":11},"skip":true},"35":{"start":{"line":124,"column":12},"end":{"line":124,"column":54},"skip":true},"36":{"start":{"line":125,"column":12},"end":{"line":140,"column":14},"skip":true},"37":{"start":{"line":126,"column":16},"end":{"line":126,"column":28},"skip":true},"38":{"start":{"line":127,"column":16},"end":{"line":127,"column":69},"skip":true},"39":{"start":{"line":128,"column":16},"end":{"line":128,"column":75},"skip":true},"40":{"start":{"line":129,"column":16},"end":{"line":131,"column":17},"skip":true},"41":{"start":{"line":130,"column":20},"end":{"line":130,"column":27},"skip":true},"42":{"start":{"line":133,"column":16},"end":{"line":137,"column":36},"skip":true},"43":{"start":{"line":134,"column":20},"end":{"line":136,"column":55},"skip":true},"44":{"start":{"line":139,"column":16},"end":{"line":139,"column":57},"skip":true},"45":{"start":{"line":143,"column":8},"end":{"line":147,"column":11},"skip":true},"46":{"start":{"line":144,"column":12},"end":{"line":146,"column":15},"skip":true},"47":{"start":{"line":145,"column":16},"end":{"line":145,"column":70},"skip":true},"48":{"start":{"line":149,"column":8},"end":{"line":149,"column":31},"skip":true},"49":{"start":{"line":150,"column":8},"end":{"line":150,"column":14},"skip":true},"50":{"start":{"line":158,"column":8},"end":{"line":158,"column":31},"skip":true},"51":{"start":{"line":160,"column":8},"end":{"line":160,"column":33},"skip":true},"52":{"start":{"line":161,"column":8},"end":{"line":161,"column":37},"skip":true},"53":{"start":{"line":162,"column":8},"end":{"line":162,"column":35},"skip":true},"54":{"start":{"line":164,"column":8},"end":{"line":164,"column":50},"skip":true},"55":{"start":{"line":166,"column":8},"end":{"line":256,"column":2},"skip":true},"56":{"start":{"line":258,"column":8},"end":{"line":286,"column":9},"skip":true},"57":{"start":{"line":259,"column":12},"end":{"line":269,"column":14},"skip":true},"58":{"start":{"line":271,"column":12},"end":{"line":285,"column":19},"skip":true},"59":{"start":{"line":274,"column":20},"end":{"line":274,"column":35},"skip":true},"60":{"start":{"line":275,"column":20},"end":{"line":284,"column":21},"skip":true},"61":{"start":{"line":277,"column":24},"end":{"line":277,"column":64},"skip":true},"62":{"start":{"line":279,"column":24},"end":{"line":279,"column":40},"skip":true},"63":{"start":{"line":281,"column":24},"end":{"line":281,"column":40},"skip":true},"64":{"start":{"line":283,"column":24},"end":{"line":283,"column":39},"skip":true},"65":{"start":{"line":288,"column":8},"end":{"line":290,"column":9},"skip":true},"66":{"start":{"line":289,"column":12},"end":{"line":289,"column":18},"skip":true},"67":{"start":{"line":291,"column":8},"end":{"line":293,"column":54},"skip":true},"68":{"start":{"line":296,"column":8},"end":{"line":301,"column":37},"skip":true},"69":{"start":{"line":303,"column":8},"end":{"line":303,"column":82},"skip":true},"70":{"start":{"line":306,"column":8},"end":{"line":308,"column":9},"skip":true},"71":{"start":{"line":307,"column":12},"end":{"line":307,"column":82},"skip":true},"72":{"start":{"line":310,"column":8},"end":{"line":312,"column":9},"skip":true},"73":{"start":{"line":311,"column":12},"end":{"line":311,"column":18},"skip":true},"74":{"start":{"line":313,"column":8},"end":{"line":313,"column":54},"skip":true},"75":{"start":{"line":314,"column":8},"end":{"line":314,"column":69},"skip":true},"76":{"start":{"line":315,"column":8},"end":{"line":323,"column":36},"skip":true},"77":{"start":{"line":316,"column":12},"end":{"line":316,"column":61},"skip":true},"78":{"start":{"line":317,"column":12},"end":{"line":320,"column":13},"skip":true},"79":{"start":{"line":318,"column":16},"end":{"line":318,"column":75},"skip":true},"80":{"start":{"line":319,"column":16},"end":{"line":319,"column":23},"skip":true},"81":{"start":{"line":321,"column":12},"end":{"line":321,"column":38},"skip":true},"82":{"start":{"line":322,"column":12},"end":{"line":322,"column":27},"skip":true},"83":{"start":{"line":324,"column":8},"end":{"line":324,"column":14},"skip":true}},"branchMap":{"1":{"line":39,"type":"binary-expr","locations":[{"start":{"line":39,"column":23},"end":{"line":39,"column":62}},{"start":{"line":40,"column":20},"end":{"line":40,"column":70}},{"start":{"line":41,"column":20},"end":{"line":41,"column":71}},{"start":{"line":42,"column":20},"end":{"line":42,"column":29}}]},"2":{"line":44,"type":"binary-expr","locations":[{"start":{"line":44,"column":23},"end":{"line":44,"column":37}},{"start":{"line":45,"column":20},"end":{"line":45,"column":61}},{"start":{"line":46,"column":20},"end":{"line":46,"column":70}},{"start":{"line":47,"column":20},"end":{"line":47,"column":26}}]},"3":{"line":51,"type":"cond-expr","locations":[{"start":{"line":52,"column":14},"end":{"line":52,"column":20}},{"start":{"line":53,"column":14},"end":{"line":53,"column":20}}]},"4":{"line":55,"type":"binary-expr","locations":[{"start":{"line":55,"column":16},"end":{"line":55,"column":44}},{"start":{"line":55,"column":49},"end":{"line":57,"column":43}}]},"5":{"line":55,"type":"cond-expr","locations":[{"start":{"line":56,"column":14},"end":{"line":56,"column":50}},{"start":{"line":57,"column":14},"end":{"line":57,"column":43}}]},"6":{"line":61,"type":"switch","locations":[{"start":{"line":68,"column":4},"end":{"line":150,"column":14},"skip":true},{"start":{"line":156,"column":4},"end":{"line":324,"column":14},"skip":true}]},"7":{"line":70,"type":"if","locations":[{"start":{"line":70,"column":12},"end":{"line":70,"column":12},"skip":true},{"start":{"line":70,"column":12},"end":{"line":70,"column":12},"skip":true}]},"8":{"line":70,"type":"binary-expr","locations":[{"start":{"line":70,"column":16},"end":{"line":70,"column":22},"skip":true},{"start":{"line":70,"column":27},"end":{"line":70,"column":32},"skip":true},{"start":{"line":71,"column":20},"end":{"line":71,"column":39},"skip":true},{"start":{"line":72,"column":20},"end":{"line":72,"column":49},"skip":true},{"start":{"line":73,"column":20},"end":{"line":73,"column":58},"skip":true},{"start":{"line":74,"column":20},"end":{"line":74,"column":69},"skip":true}]},"9":{"line":79,"type":"switch","locations":[{"start":{"line":80,"column":20},"end":{"line":80,"column":33},"skip":true},{"start":{"line":81,"column":20},"end":{"line":83,"column":30},"skip":true},{"start":{"line":84,"column":20},"end":{"line":85,"column":49},"skip":true}]},"10":{"line":89,"type":"switch","locations":[{"start":{"line":90,"column":12},"end":{"line":103,"column":22},"skip":true},{"start":{"line":105,"column":12},"end":{"line":106,"column":22},"skip":true}]},"11":{"line":89,"type":"binary-expr","locations":[{"start":{"line":89,"column":20},"end":{"line":89,"column":25},"skip":true},{"start":{"line":89,"column":29},"end":{"line":89,"column":48},"skip":true},{"start":{"line":89,"column":52},"end":{"line":89,"column":74},"skip":true}]},"12":{"line":92,"type":"if","locations":[{"start":{"line":92,"column":16},"end":{"line":92,"column":16},"skip":true},{"start":{"line":92,"column":16},"end":{"line":92,"column":16},"skip":true}]},"13":{"line":108,"type":"if","locations":[{"start":{"line":108,"column":12},"end":{"line":108,"column":12},"skip":true},{"start":{"line":108,"column":12},"end":{"line":108,"column":12},"skip":true}]},"14":{"line":108,"type":"binary-expr","locations":[{"start":{"line":108,"column":16},"end":{"line":108,"column":61},"skip":true},{"start":{"line":108,"column":66},"end":{"line":108,"column":72},"skip":true},{"start":{"line":108,"column":77},"end":{"line":108,"column":82},"skip":true},{"start":{"line":109,"column":20},"end":{"line":109,"column":39},"skip":true},{"start":{"line":110,"column":20},"end":{"line":110,"column":49},"skip":true},{"start":{"line":111,"column":20},"end":{"line":111,"column":58},"skip":true},{"start":{"line":112,"column":20},"end":{"line":112,"column":68},"skip":true}]},"15":{"line":129,"type":"if","locations":[{"start":{"line":129,"column":16},"end":{"line":129,"column":16},"skip":true},{"start":{"line":129,"column":16},"end":{"line":129,"column":16},"skip":true}]},"16":{"line":134,"type":"cond-expr","locations":[{"start":{"line":135,"column":26},"end":{"line":135,"column":29},"skip":true},{"start":{"line":136,"column":26},"end":{"line":136,"column":54},"skip":true}]},"17":{"line":164,"type":"binary-expr","locations":[{"start":{"line":164,"column":27},"end":{"line":164,"column":43},"skip":true},{"start":{"line":164,"column":47},"end":{"line":164,"column":49},"skip":true}]},"18":{"line":258,"type":"if","locations":[{"start":{"line":258,"column":8},"end":{"line":258,"column":8},"skip":true},{"start":{"line":258,"column":8},"end":{"line":258,"column":8},"skip":true}]},"19":{"line":275,"type":"switch","locations":[{"start":{"line":276,"column":20},"end":{"line":277,"column":64},"skip":true},{"start":{"line":278,"column":20},"end":{"line":279,"column":40},"skip":true},{"start":{"line":280,"column":20},"end":{"line":281,"column":40},"skip":true},{"start":{"line":282,"column":20},"end":{"line":283,"column":39},"skip":true}]},"20":{"line":288,"type":"if","locations":[{"start":{"line":288,"column":8},"end":{"line":288,"column":8},"skip":true},{"start":{"line":288,"column":8},"end":{"line":288,"column":8},"skip":true}]},"21":{"line":288,"type":"binary-expr","locations":[{"start":{"line":288,"column":12},"end":{"line":288,"column":40},"skip":true},{"start":{"line":288,"column":44},"end":{"line":288,"column":67},"skip":true}]},"22":{"line":292,"type":"binary-expr","locations":[{"start":{"line":292,"column":12},"end":{"line":292,"column":50},"skip":true},{"start":{"line":293,"column":12},"end":{"line":293,"column":53},"skip":true}]},"23":{"line":297,"type":"binary-expr","locations":[{"start":{"line":297,"column":12},"end":{"line":297,"column":64},"skip":true},{"start":{"line":298,"column":12},"end":{"line":301,"column":36},"skip":true}]},"24":{"line":303,"type":"binary-expr","locations":[{"start":{"line":303,"column":43},"end":{"line":303,"column":75},"skip":true},{"start":{"line":303,"column":79},"end":{"line":303,"column":81},"skip":true}]},"25":{"line":306,"type":"if","locations":[{"start":{"line":306,"column":8},"end":{"line":306,"column":8},"skip":true},{"start":{"line":306,"column":8},"end":{"line":306,"column":8},"skip":true}]},"26":{"line":310,"type":"if","locations":[{"start":{"line":310,"column":8},"end":{"line":310,"column":8},"skip":true},{"start":{"line":310,"column":8},"end":{"line":310,"column":8},"skip":true}]},"27":{"line":313,"type":"binary-expr","locations":[{"start":{"line":313,"column":27},"end":{"line":313,"column":43},"skip":true},{"start":{"line":313,"column":47},"end":{"line":313,"column":53},"skip":true}]},"28":{"line":317,"type":"if","locations":[{"start":{"line":317,"column":12},"end":{"line":317,"column":12},"skip":true},{"start":{"line":317,"column":12},"end":{"line":317,"column":12},"skip":true}]}},"code":["/*","example.js","","quickstart example","","instruction","    1. save this script as example.js","    2. run the shell command:","        $ npm install npmtest-meteor && PORT=8081 node example.js","    3. play with the browser-demo on http://127.0.0.1:8081","*/","","","","/* istanbul instrument in package npmtest_meteor */","/*jslint","    bitwise: true,","    browser: true,","    maxerr: 8,","    maxlen: 96,","    node: true,","    nomen: true,","    regexp: true,","    stupid: true","*/","(function () {","    'use strict';","    var local;","","","","    // run shared js-env code - pre-init","    (function () {","        // init local","        local = {};","        // init modeJs","        local.modeJs = (function () {","            try {","                return typeof navigator.userAgent === 'string' &&","                    typeof document.querySelector('body') === 'object' &&","                    typeof XMLHttpRequest.prototype.open === 'function' &&","                    'browser';","            } catch (errorCaughtBrowser) {","                return module.exports &&","                    typeof process.versions.node === 'string' &&","                    typeof require('http').createServer === 'function' &&","                    'node';","            }","        }());","        // init global","        local.global = local.modeJs === 'browser'","            ? window","            : global;","        // init utility2_rollup","        local = local.global.utility2_rollup || (local.modeJs === 'browser'","            ? local.global.utility2_npmtest_meteor","            : global.utility2_moduleExports);","        // export local","        local.global.local = local;","    }());","    switch (local.modeJs) {","","","","    // post-init","    // run browser js-env code - post-init","    /* istanbul ignore next */","    case 'browser':","        local.testRunBrowser = function (event) {","            if (!event || (event &&","                    event.currentTarget &&","                    event.currentTarget.className &&","                    event.currentTarget.className.includes &&","                    event.currentTarget.className.includes('onreset'))) {","                // reset output","                Array.from(","                    document.querySelectorAll('body > .resettable')","                ).forEach(function (element) {","                    switch (element.tagName) {","                    case 'INPUT':","                    case 'TEXTAREA':","                        element.value = '';","                        break;","                    default:","                        element.textContent = '';","                    }","                });","            }","            switch (event && event.currentTarget && event.currentTarget.id) {","            case 'testRunButton1':","                // show tests","                if (document.querySelector('#testReportDiv1').style.display === 'none') {","                    document.querySelector('#testReportDiv1').style.display = 'block';","                    document.querySelector('#testRunButton1').textContent =","                        'hide internal test';","                    local.modeTest = true;","                    local.testRunDefault(local);","                // hide tests","                } else {","                    document.querySelector('#testReportDiv1').style.display = 'none';","                    document.querySelector('#testRunButton1').textContent = 'run internal test';","                }","                break;","            // custom-case","            default:","                break;","            }","            if (document.querySelector('#inputTextareaEval1') && (!event || (event &&","                    event.currentTarget &&","                    event.currentTarget.className &&","                    event.currentTarget.className.includes &&","                    event.currentTarget.className.includes('oneval')))) {","                // try to eval input-code","                try {","                    /*jslint evil: true*/","                    eval(document.querySelector('#inputTextareaEval1').value);","                } catch (errorCaught) {","                    console.error(errorCaught);","                }","            }","        };","        // log stderr and stdout to #outputTextareaStdout1","        ['error', 'log'].forEach(function (key) {","            console[key + '_original'] = console[key];","            console[key] = function () {","                var element;","                console[key + '_original'].apply(console, arguments);","                element = document.querySelector('#outputTextareaStdout1');","                if (!element) {","                    return;","                }","                // append text to #outputTextareaStdout1","                element.value += Array.from(arguments).map(function (arg) {","                    return typeof arg === 'string'","                        ? arg","                        : JSON.stringify(arg, null, 4);","                }).join(' ') + '\\n';","                // scroll textarea to bottom","                element.scrollTop = element.scrollHeight;","            };","        });","        // init event-handling","        ['change', 'click', 'keyup'].forEach(function (event) {","            Array.from(document.querySelectorAll('.on' + event)).forEach(function (element) {","                element.addEventListener(event, local.testRunBrowser);","            });","        });","        // run tests","        local.testRunBrowser();","        break;","","","","    // run node js-env code - post-init","    /* istanbul ignore next */","    case 'node':","        // export local","        module.exports = local;","        // require modules","        local.fs = require('fs');","        local.http = require('http');","        local.url = require('url');","        // init assets","        local.assetsDict = local.assetsDict || {};","        /* jslint-ignore-begin */","        local.assetsDict['/assets.index.template.html'] = '\\","<!doctype html>\\n\\","<html lang=\"en\">\\n\\","<head>\\n\\","<meta charset=\"UTF-8\">\\n\\","<meta name=\"viewport\" content=\"width=device-width, initial-scale=1\">\\n\\","<title>{{env.npm_package_name}} (v{{env.npm_package_version}})</title>\\n\\","<style>\\n\\","/*csslint\\n\\","    box-sizing: false,\\n\\","    universal-selector: false\\n\\","*/\\n\\","* {\\n\\","    box-sizing: border-box;\\n\\","}\\n\\","body {\\n\\","    background: #dde;\\n\\","    font-family: Arial, Helvetica, sans-serif;\\n\\","    margin: 2rem;\\n\\","}\\n\\","body > * {\\n\\","    margin-bottom: 1rem;\\n\\","}\\n\\",".utility2FooterDiv {\\n\\","    margin-top: 20px;\\n\\","    text-align: center;\\n\\","}\\n\\","</style>\\n\\","<style>\\n\\","/*csslint\\n\\","*/\\n\\","textarea {\\n\\","    font-family: monospace;\\n\\","    height: 10rem;\\n\\","    width: 100%;\\n\\","}\\n\\","textarea[readonly] {\\n\\","    background: #ddd;\\n\\","}\\n\\","</style>\\n\\","</head>\\n\\","<body>\\n\\","<!-- utility2-comment\\n\\","<div id=\"ajaxProgressDiv1\" style=\"background: #d00; height: 2px; left: 0; margin: 0; padding: 0; position: fixed; top: 0; transition: background 0.5s, width 1.5s; width: 25%;\"></div>\\n\\","utility2-comment -->\\n\\","<h1>\\n\\","<!-- utility2-comment\\n\\","    <a\\n\\","        {{#if env.npm_package_homepage}}\\n\\","        href=\"{{env.npm_package_homepage}}\"\\n\\","        {{/if env.npm_package_homepage}}\\n\\","        target=\"_blank\"\\n\\","    >\\n\\","utility2-comment -->\\n\\","        {{env.npm_package_name}} (v{{env.npm_package_version}})\\n\\","<!-- utility2-comment\\n\\","    </a>\\n\\","utility2-comment -->\\n\\","</h1>\\n\\","<h3>{{env.npm_package_description}}</h3>\\n\\","<!-- utility2-comment\\n\\","<h4><a download href=\"assets.app.js\">download standalone app</a></h4>\\n\\","<button class=\"onclick onreset\" id=\"testRunButton1\">run internal test</button><br>\\n\\","<div id=\"testReportDiv1\" style=\"display: none;\"></div>\\n\\","utility2-comment -->\\n\\","\\n\\","\\n\\","\\n\\","<label>stderr and stdout</label>\\n\\","<textarea class=\"resettable\" id=\"outputTextareaStdout1\" readonly></textarea>\\n\\","<!-- utility2-comment\\n\\","{{#if isRollup}}\\n\\","<script src=\"assets.app.js\"></script>\\n\\","{{#unless isRollup}}\\n\\","utility2-comment -->\\n\\","<script src=\"assets.utility2.rollup.js\"></script>\\n\\","<script src=\"jsonp.utility2._stateInit?callback=window.utility2._stateInit\"></script>\\n\\","<script src=\"assets.npmtest_meteor.rollup.js\"></script>\\n\\","<script src=\"assets.example.js\"></script>\\n\\","<script src=\"assets.test.js\"></script>\\n\\","<!-- utility2-comment\\n\\","{{/if isRollup}}\\n\\","utility2-comment -->\\n\\","<div class=\"utility2FooterDiv\">\\n\\","    [ this app was created with\\n\\","    <a href=\"https://github.com/kaizhu256/node-utility2\" target=\"_blank\">utility2</a>\\n\\","    ]\\n\\","</div>\\n\\","</body>\\n\\","</html>\\n\\","';","        /* jslint-ignore-end */","        if (local.templateRender) {","            local.assetsDict['/'] = local.templateRender(","                local.assetsDict['/assets.index.template.html'],","                {","                    env: local.objectSetDefault(local.env, {","                        npm_package_description: 'the greatest app in the world!',","                        npm_package_name: 'my-app',","                        npm_package_nameAlias: 'my_app',","                        npm_package_version: '0.0.1'","                    })","                }","            );","        } else {","            local.assetsDict['/'] = local.assetsDict['/assets.index.template.html']","                .replace((/\\{\\{env\\.(\\w+?)\\}\\}/g), function (match0, match1) {","                    // jslint-hack","                    String(match0);","                    switch (match1) {","                    case 'npm_package_description':","                        return 'the greatest app in the world!';","                    case 'npm_package_name':","                        return 'my-app';","                    case 'npm_package_nameAlias':","                        return 'my_app';","                    case 'npm_package_version':","                        return '0.0.1';","                    }","                });","        }","        // run the cli","        if (local.global.utility2_rollup || module !== require.main) {","            break;","        }","        local.assetsDict['/assets.example.js'] =","            local.assetsDict['/assets.example.js'] ||","            local.fs.readFileSync(__filename, 'utf8');","        // bug-workaround - long $npm_package_buildCustomOrg","        /* jslint-ignore-begin */","        local.assetsDict['/assets.npmtest_meteor.rollup.js'] =","            local.assetsDict['/assets.npmtest_meteor.rollup.js'] ||","            local.fs.readFileSync(","                local.npmtest_meteor.__dirname + '/lib.npmtest_meteor.js',","                'utf8'","            ).replace((/^#!/), '//');","        /* jslint-ignore-end */","        local.assetsDict['/favicon.ico'] = local.assetsDict['/favicon.ico'] || '';","        // if $npm_config_timeout_exit exists,","        // then exit this process after $npm_config_timeout_exit ms","        if (Number(process.env.npm_config_timeout_exit)) {","            setTimeout(process.exit, Number(process.env.npm_config_timeout_exit));","        }","        // start server","        if (local.global.utility2_serverHttp1) {","            break;","        }","        process.env.PORT = process.env.PORT || '8081';","        console.error('server starting on port ' + process.env.PORT);","        local.http.createServer(function (request, response) {","            request.urlParsed = local.url.parse(request.url);","            if (local.assetsDict[request.urlParsed.pathname] !== undefined) {","                response.end(local.assetsDict[request.urlParsed.pathname]);","                return;","            }","            response.statusCode = 404;","            response.end();","        }).listen(process.env.PORT);","        break;","    }","}());",""],"l":{"26":2,"28":2,"33":2,"35":2,"37":2,"38":2,"39":2,"44":1,"51":2,"55":2,"59":2,"61":2,"69":1,"70":2,"76":2,"79":2,"82":2,"83":2,"85":1,"89":2,"92":1,"93":1,"94":1,"96":1,"97":1,"100":1,"101":1,"103":1,"106":1,"108":2,"114":1,"116":1,"118":1,"123":1,"124":2,"125":2,"126":3,"127":3,"128":3,"129":3,"130":1,"133":3,"134":3,"139":3,"143":1,"144":3,"145":1,"149":1,"150":1,"158":1,"160":1,"161":1,"162":1,"164":1,"166":1,"258":1,"259":1,"271":1,"274":6,"275":6,"277":1,"279":2,"281":1,"283":2,"288":1,"289":1,"291":1,"296":1,"303":1,"306":1,"307":1,"310":1,"311":1,"313":1,"314":1,"315":1,"316":1,"317":1,"318":1,"319":1,"321":1,"322":1,"324":1}},"/home/travis/build/npmtest/node-npmtest-meteor/node_modules/meteor/app/meteor/meteor.js":{"path":"/home/travis/build/npmtest/node-npmtest-meteor/node_modules/meteor/app/meteor/meteor.js","s":{"1":4,"2":4,"3":4,"4":4,"5":4,"6":4,"7":0,"8":0,"9":0,"10":0,"11":0,"12":0,"13":0,"14":0,"15":4,"16":4,"17":4,"18":0,"19":4,"20":24,"21":4,"22":0,"23":0,"24":0,"25":0,"26":4,"27":4,"28":4,"29":0,"30":0,"31":0,"32":4,"33":4,"34":4,"35":4,"36":4,"37":0,"38":0,"39":4,"40":4,"41":4,"42":4,"43":0,"44":0,"45":4,"46":0,"47":0,"48":4,"49":0,"50":0,"51":0,"52":0,"53":0,"54":4,"55":0,"56":0,"57":0,"58":0,"59":0,"60":0,"61":0,"62":0,"63":0,"64":0,"65":0,"66":0,"67":0,"68":0,"69":0,"70":0,"71":0,"72":0,"73":0,"74":0,"75":0,"76":0,"77":0,"78":0,"79":0,"80":0,"81":0,"82":0,"83":0,"84":0,"85":0,"86":0,"87":0,"88":0,"89":0,"90":0,"91":0,"92":0,"93":0,"94":0,"95":0,"96":0,"97":0,"98":4,"99":0,"100":0,"101":0,"102":0,"103":4,"104":0,"105":0,"106":0,"107":0,"108":0,"109":0,"110":0,"111":0,"112":0,"113":0,"114":0,"115":0,"116":0,"117":0,"118":0,"119":0,"120":0,"121":0,"122":4,"123":0,"124":0,"125":0,"126":0,"127":0,"128":0,"129":0,"130":0,"131":0,"132":0,"133":0,"134":0,"135":0,"136":0,"137":4,"138":0,"139":0,"140":0,"141":0,"142":0,"143":0,"144":0,"145":0,"146":0,"147":0,"148":0,"149":0,"150":0,"151":0,"152":0,"153":0,"154":0,"155":0,"156":4,"157":0,"158":0,"159":0,"160":0,"161":0,"162":0,"163":0,"164":0,"165":0,"166":0,"167":0,"168":0,"169":0,"170":0,"171":0,"172":0,"173":0,"174":0,"175":0,"176":0,"177":0,"178":0,"179":0,"180":4,"181":0,"182":0,"183":0,"184":0,"185":0,"186":0,"187":0,"188":0,"189":0,"190":0,"191":0,"192":0,"193":0,"194":0,"195":0,"196":0,"197":0,"198":0,"199":4,"200":0,"201":0,"202":0,"203":0,"204":0,"205":0,"206":0,"207":0,"208":0,"209":4,"210":0,"211":0,"212":0,"213":0,"214":4,"215":0,"216":0,"217":0,"218":0,"219":0,"220":0,"221":0,"222":0,"223":0,"224":0,"225":0,"226":4,"227":4,"228":4,"229":4,"230":0,"231":0,"232":4,"233":0,"234":0,"235":0,"236":0,"237":0,"238":0,"239":0,"240":0,"241":0,"242":4,"243":4,"244":0,"245":4,"246":4},"b":{"1":[0,0],"2":[0,4],"3":[24,24],"4":[0,4],"5":[0,0],"6":[4,0],"7":[0,4],"8":[0,0],"9":[0,0],"10":[0,0],"11":[0,0],"12":[0,0],"13":[0,0],"14":[0,0],"15":[0,0],"16":[0,0],"17":[0,0],"18":[0,0],"19":[0,0],"20":[0,0],"21":[0,0],"22":[0,0],"23":[0,0],"24":[0,0],"25":[0,0],"26":[0,0],"27":[0,0],"28":[0,0],"29":[0,0],"30":[0,0],"31":[0,0],"32":[0,0],"33":[0,0],"34":[0,0],"35":[0,0],"36":[0,0],"37":[0,0],"38":[0,0],"39":[0,0],"40":[0,0],"41":[0,0],"42":[0,0],"43":[0,0],"44":[0,0],"45":[0,0],"46":[0,0],"47":[0,0],"48":[0,0],"49":[0,0,0],"50":[0,0],"51":[0,0],"52":[0,4],"53":[0,4],"54":[0,0],"55":[0,0],"56":[0,4]},"f":{"1":0,"2":0,"3":4,"4":24,"5":0,"6":4,"7":4,"8":0,"9":0,"10":0,"11":0,"12":0,"13":0,"14":0,"15":0,"16":0,"17":0,"18":0,"19":0,"20":0,"21":0,"22":0,"23":0,"24":0,"25":0,"26":0,"27":0,"28":0,"29":0,"30":0,"31":0,"32":0,"33":0,"34":4},"fnMap":{"1":{"name":"(anonymous_1)","line":9,"loc":{"start":{"line":9,"column":12},"end":{"line":9,"column":23}}},"2":{"name":"(anonymous_2)","line":20,"loc":{"start":{"line":20,"column":19},"end":{"line":20,"column":34}}},"3":{"name":"(anonymous_3)","line":32,"loc":{"start":{"line":32,"column":22},"end":{"line":32,"column":53}}},"4":{"name":"(anonymous_4)","line":37,"loc":{"start":{"line":37,"column":39},"end":{"line":37,"column":52}}},"5":{"name":"(anonymous_5)","line":62,"loc":{"start":{"line":62,"column":22},"end":{"line":62,"column":47}}},"6":{"name":"(anonymous_6)","line":70,"loc":{"start":{"line":70,"column":18},"end":{"line":70,"column":34}}},"7":{"name":"(anonymous_7)","line":85,"loc":{"start":{"line":85,"column":8},"end":{"line":85,"column":24}}},"8":{"name":"(anonymous_8)","line":123,"loc":{"start":{"line":123,"column":8},"end":{"line":123,"column":24}}},"9":{"name":"(anonymous_9)","line":135,"loc":{"start":{"line":135,"column":8},"end":{"line":135,"column":24}}},"10":{"name":"(anonymous_10)","line":156,"loc":{"start":{"line":156,"column":57},"end":{"line":156,"column":70}}},"11":{"name":"(anonymous_11)","line":168,"loc":{"start":{"line":168,"column":23},"end":{"line":168,"column":36}}},"12":{"name":"(anonymous_12)","line":192,"loc":{"start":{"line":192,"column":20},"end":{"line":192,"column":33}}},"13":{"name":"(anonymous_13)","line":208,"loc":{"start":{"line":208,"column":28},"end":{"line":208,"column":41}}},"14":{"name":"(anonymous_14)","line":211,"loc":{"start":{"line":211,"column":28},"end":{"line":211,"column":51}}},"15":{"name":"(anonymous_15)","line":237,"loc":{"start":{"line":237,"column":8},"end":{"line":237,"column":24}}},"16":{"name":"(anonymous_16)","line":254,"loc":{"start":{"line":254,"column":8},"end":{"line":254,"column":24}}},"17":{"name":"(anonymous_17)","line":270,"loc":{"start":{"line":270,"column":42},"end":{"line":270,"column":58}}},"18":{"name":"(anonymous_18)","line":274,"loc":{"start":{"line":274,"column":19},"end":{"line":274,"column":35}}},"19":{"name":"(anonymous_19)","line":291,"loc":{"start":{"line":291,"column":8},"end":{"line":291,"column":24}}},"20":{"name":"(anonymous_20)","line":306,"loc":{"start":{"line":306,"column":42},"end":{"line":306,"column":58}}},"21":{"name":"(anonymous_21)","line":310,"loc":{"start":{"line":310,"column":19},"end":{"line":310,"column":35}}},"22":{"name":"(anonymous_22)","line":324,"loc":{"start":{"line":324,"column":8},"end":{"line":324,"column":24}}},"23":{"name":"(anonymous_23)","line":341,"loc":{"start":{"line":341,"column":22},"end":{"line":341,"column":38}}},"24":{"name":"(anonymous_24)","line":359,"loc":{"start":{"line":359,"column":18},"end":{"line":359,"column":34}}},"25":{"name":"(anonymous_25)","line":371,"loc":{"start":{"line":371,"column":8},"end":{"line":371,"column":24}}},"26":{"name":"(anonymous_26)","line":401,"loc":{"start":{"line":401,"column":21},"end":{"line":401,"column":34}}},"27":{"name":"(anonymous_27)","line":412,"loc":{"start":{"line":412,"column":16},"end":{"line":412,"column":49}}},"28":{"name":"(anonymous_28)","line":428,"loc":{"start":{"line":428,"column":8},"end":{"line":428,"column":24}}},"29":{"name":"(anonymous_29)","line":461,"loc":{"start":{"line":461,"column":31},"end":{"line":461,"column":54}}},"30":{"name":"(anonymous_30)","line":494,"loc":{"start":{"line":494,"column":8},"end":{"line":494,"column":24}}},"31":{"name":"(anonymous_31)","line":550,"loc":{"start":{"line":550,"column":8},"end":{"line":550,"column":24}}},"32":{"name":"(anonymous_32)","line":566,"loc":{"start":{"line":566,"column":8},"end":{"line":566,"column":24}}},"33":{"name":"(anonymous_33)","line":578,"loc":{"start":{"line":578,"column":29},"end":{"line":578,"column":52}}},"34":{"name":"(anonymous_34)","line":597,"loc":{"start":{"line":597,"column":11},"end":{"line":597,"column":22}}}},"statementMap":{"1":{"start":{"line":3,"column":0},"end":{"line":3,"column":27}},"2":{"start":{"line":4,"column":0},"end":{"line":4,"column":67}},"3":{"start":{"line":5,"column":0},"end":{"line":5,"column":77}},"4":{"start":{"line":6,"column":0},"end":{"line":6,"column":53}},"5":{"start":{"line":7,"column":0},"end":{"line":7,"column":23}},"6":{"start":{"line":9,"column":0},"end":{"line":30,"column":2}},"7":{"start":{"line":10,"column":2},"end":{"line":19,"column":15}},"8":{"start":{"line":20,"column":2},"end":{"line":25,"column":5}},"9":{"start":{"line":21,"column":4},"end":{"line":24,"column":5}},"10":{"start":{"line":22,"column":6},"end":{"line":22,"column":66}},"11":{"start":{"line":23,"column":6},"end":{"line":23,"column":59}},"12":{"start":{"line":26,"column":2},"end":{"line":26,"column":29}},"13":{"start":{"line":27,"column":0},"end":{"line":28,"column":59}},"14":{"start":{"line":29,"column":2},"end":{"line":29,"column":18}},"15":{"start":{"line":32,"column":0},"end":{"line":60,"column":2}},"16":{"start":{"line":33,"column":2},"end":{"line":33,"column":53}},"17":{"start":{"line":34,"column":2},"end":{"line":35,"column":19}},"18":{"start":{"line":35,"column":4},"end":{"line":35,"column":19}},"19":{"start":{"line":37,"column":2},"end":{"line":39,"column":5}},"20":{"start":{"line":38,"column":4},"end":{"line":38,"column":73}},"21":{"start":{"line":40,"column":2},"end":{"line":46,"column":3}},"22":{"start":{"line":41,"column":4},"end":{"line":42,"column":25}},"23":{"start":{"line":42,"column":6},"end":{"line":42,"column":25}},"24":{"start":{"line":44,"column":4},"end":{"line":44,"column":79}},"25":{"start":{"line":45,"column":4},"end":{"line":45,"column":20}},"26":{"start":{"line":50,"column":2},"end":{"line":58,"column":41}},"27":{"start":{"line":59,"column":2},"end":{"line":59,"column":18}},"28":{"start":{"line":62,"column":0},"end":{"line":66,"column":2}},"29":{"start":{"line":63,"column":2},"end":{"line":63,"column":37}},"30":{"start":{"line":64,"column":2},"end":{"line":64,"column":83}},"31":{"start":{"line":65,"column":2},"end":{"line":65,"column":50}},"32":{"start":{"line":68,"column":0},"end":{"line":68,"column":14}},"33":{"start":{"line":70,"column":0},"end":{"line":77,"column":2}},"34":{"start":{"line":71,"column":2},"end":{"line":73,"column":25}},"35":{"start":{"line":72,"column":4},"end":{"line":73,"column":25}},"36":{"start":{"line":73,"column":6},"end":{"line":73,"column":25}},"37":{"start":{"line":74,"column":2},"end":{"line":75,"column":45}},"38":{"start":{"line":76,"column":2},"end":{"line":76,"column":18}},"39":{"start":{"line":82,"column":0},"end":{"line":119,"column":3}},"40":{"start":{"line":88,"column":4},"end":{"line":106,"column":2}},"41":{"start":{"line":108,"column":4},"end":{"line":108,"column":28}},"42":{"start":{"line":110,"column":4},"end":{"line":113,"column":5}},"43":{"start":{"line":111,"column":6},"end":{"line":111,"column":39}},"44":{"start":{"line":112,"column":6},"end":{"line":112,"column":22}},"45":{"start":{"line":115,"column":4},"end":{"line":115,"column":61}},"46":{"start":{"line":116,"column":4},"end":{"line":116,"column":84}},"47":{"start":{"line":117,"column":4},"end":{"line":117,"column":85}},"48":{"start":{"line":121,"column":0},"end":{"line":130,"column":3}},"49":{"start":{"line":124,"column":4},"end":{"line":125,"column":14}},"50":{"start":{"line":125,"column":6},"end":{"line":125,"column":14}},"51":{"start":{"line":126,"column":4},"end":{"line":126,"column":36}},"52":{"start":{"line":127,"column":4},"end":{"line":127,"column":21}},"53":{"start":{"line":128,"column":4},"end":{"line":128,"column":32}},"54":{"start":{"line":132,"column":0},"end":{"line":232,"column":3}},"55":{"start":{"line":137,"column":4},"end":{"line":150,"column":66}},"56":{"start":{"line":152,"column":4},"end":{"line":152,"column":28}},"57":{"start":{"line":153,"column":4},"end":{"line":153,"column":16}},"58":{"start":{"line":155,"column":4},"end":{"line":155,"column":67}},"59":{"start":{"line":156,"column":4},"end":{"line":158,"column":7}},"60":{"start":{"line":157,"column":6},"end":{"line":157,"column":51}},"61":{"start":{"line":160,"column":4},"end":{"line":164,"column":5}},"62":{"start":{"line":161,"column":6},"end":{"line":161,"column":26}},"63":{"start":{"line":162,"column":11},"end":{"line":164,"column":5}},"64":{"start":{"line":163,"column":6},"end":{"line":163,"column":33}},"65":{"start":{"line":166,"column":4},"end":{"line":174,"column":5}},"66":{"start":{"line":167,"column":6},"end":{"line":167,"column":52}},"67":{"start":{"line":168,"column":6},"end":{"line":170,"column":9}},"68":{"start":{"line":169,"column":8},"end":{"line":169,"column":46}},"69":{"start":{"line":171,"column":6},"end":{"line":172,"column":76}},"70":{"start":{"line":173,"column":6},"end":{"line":173,"column":22}},"71":{"start":{"line":176,"column":4},"end":{"line":179,"column":5}},"72":{"start":{"line":177,"column":6},"end":{"line":177,"column":39}},"73":{"start":{"line":178,"column":6},"end":{"line":178,"column":22}},"74":{"start":{"line":181,"column":4},"end":{"line":184,"column":5}},"75":{"start":{"line":182,"column":6},"end":{"line":182,"column":59}},"76":{"start":{"line":183,"column":6},"end":{"line":183,"column":22}},"77":{"start":{"line":186,"column":4},"end":{"line":190,"column":5}},"78":{"start":{"line":187,"column":6},"end":{"line":188,"column":70}},"79":{"start":{"line":189,"column":6},"end":{"line":189,"column":22}},"80":{"start":{"line":192,"column":4},"end":{"line":194,"column":6}},"81":{"start":{"line":193,"column":6},"end":{"line":193,"column":58}},"82":{"start":{"line":196,"column":4},"end":{"line":219,"column":5}},"83":{"start":{"line":197,"column":6},"end":{"line":205,"column":7}},"84":{"start":{"line":198,"column":8},"end":{"line":198,"column":73}},"85":{"start":{"line":199,"column":8},"end":{"line":199,"column":91}},"86":{"start":{"line":200,"column":8},"end":{"line":200,"column":24}},"87":{"start":{"line":202,"column":8},"end":{"line":204,"column":11}},"88":{"start":{"line":207,"column":6},"end":{"line":218,"column":9}},"89":{"start":{"line":209,"column":10},"end":{"line":209,"column":30}},"90":{"start":{"line":212,"column":10},"end":{"line":215,"column":28}},"91":{"start":{"line":213,"column":12},"end":{"line":213,"column":62}},"92":{"start":{"line":215,"column":12},"end":{"line":215,"column":28}},"93":{"start":{"line":221,"column":4},"end":{"line":221,"column":48}},"94":{"start":{"line":222,"column":4},"end":{"line":224,"column":74}},"95":{"start":{"line":224,"column":6},"end":{"line":224,"column":74}},"96":{"start":{"line":225,"column":4},"end":{"line":225,"column":34}},"97":{"start":{"line":227,"column":4},"end":{"line":230,"column":15}},"98":{"start":{"line":234,"column":0},"end":{"line":249,"column":3}},"99":{"start":{"line":238,"column":4},"end":{"line":245,"column":5}},"100":{"start":{"line":239,"column":6},"end":{"line":243,"column":71}},"101":{"start":{"line":244,"column":6},"end":{"line":244,"column":22}},"102":{"start":{"line":247,"column":4},"end":{"line":247,"column":47}},"103":{"start":{"line":251,"column":0},"end":{"line":286,"column":3}},"104":{"start":{"line":255,"column":4},"end":{"line":263,"column":5}},"105":{"start":{"line":256,"column":6},"end":{"line":261,"column":20}},"106":{"start":{"line":262,"column":6},"end":{"line":262,"column":22}},"107":{"start":{"line":265,"column":4},"end":{"line":265,"column":41}},"108":{"start":{"line":266,"column":4},"end":{"line":266,"column":77}},"109":{"start":{"line":267,"column":4},"end":{"line":267,"column":75}},"110":{"start":{"line":268,"column":4},"end":{"line":268,"column":30}},"111":{"start":{"line":269,"column":4},"end":{"line":269,"column":19}},"112":{"start":{"line":270,"column":4},"end":{"line":272,"column":7}},"113":{"start":{"line":271,"column":6},"end":{"line":271,"column":25}},"114":{"start":{"line":274,"column":4},"end":{"line":284,"column":7}},"115":{"start":{"line":275,"column":6},"end":{"line":283,"column":7}},"116":{"start":{"line":276,"column":8},"end":{"line":276,"column":59}},"117":{"start":{"line":277,"column":13},"end":{"line":283,"column":7}},"118":{"start":{"line":278,"column":8},"end":{"line":278,"column":57}},"119":{"start":{"line":280,"column":8},"end":{"line":280,"column":43}},"120":{"start":{"line":281,"column":8},"end":{"line":281,"column":52}},"121":{"start":{"line":282,"column":8},"end":{"line":282,"column":56}},"122":{"start":{"line":288,"column":0},"end":{"line":319,"column":3}},"123":{"start":{"line":292,"column":4},"end":{"line":300,"column":5}},"124":{"start":{"line":293,"column":6},"end":{"line":298,"column":28}},"125":{"start":{"line":299,"column":6},"end":{"line":299,"column":22}},"126":{"start":{"line":302,"column":4},"end":{"line":302,"column":44}},"127":{"start":{"line":303,"column":4},"end":{"line":303,"column":77}},"128":{"start":{"line":304,"column":4},"end":{"line":304,"column":75}},"129":{"start":{"line":305,"column":4},"end":{"line":305,"column":19}},"130":{"start":{"line":306,"column":4},"end":{"line":308,"column":7}},"131":{"start":{"line":307,"column":6},"end":{"line":307,"column":25}},"132":{"start":{"line":310,"column":4},"end":{"line":317,"column":7}},"133":{"start":{"line":311,"column":6},"end":{"line":316,"column":7}},"134":{"start":{"line":312,"column":8},"end":{"line":312,"column":58}},"135":{"start":{"line":314,"column":8},"end":{"line":314,"column":46}},"136":{"start":{"line":315,"column":8},"end":{"line":315,"column":51}},"137":{"start":{"line":321,"column":0},"end":{"line":366,"column":3}},"138":{"start":{"line":325,"column":4},"end":{"line":334,"column":5}},"139":{"start":{"line":326,"column":6},"end":{"line":332,"column":74}},"140":{"start":{"line":333,"column":6},"end":{"line":333,"column":22}},"141":{"start":{"line":336,"column":4},"end":{"line":353,"column":5}},"142":{"start":{"line":337,"column":6},"end":{"line":337,"column":52}},"143":{"start":{"line":338,"column":6},"end":{"line":338,"column":97}},"144":{"start":{"line":340,"column":6},"end":{"line":351,"column":7}},"145":{"start":{"line":341,"column":8},"end":{"line":343,"column":11}},"146":{"start":{"line":342,"column":10},"end":{"line":342,"column":44}},"147":{"start":{"line":345,"column":8},"end":{"line":350,"column":19}},"148":{"start":{"line":352,"column":6},"end":{"line":352,"column":13}},"149":{"start":{"line":355,"column":4},"end":{"line":355,"column":80}},"150":{"start":{"line":356,"column":4},"end":{"line":356,"column":29}},"151":{"start":{"line":357,"column":4},"end":{"line":357,"column":17}},"152":{"start":{"line":358,"column":4},"end":{"line":358,"column":18}},"153":{"start":{"line":359,"column":4},"end":{"line":361,"column":7}},"154":{"start":{"line":360,"column":6},"end":{"line":360,"column":28}},"155":{"start":{"line":362,"column":4},"end":{"line":364,"column":31}},"156":{"start":{"line":368,"column":0},"end":{"line":423,"column":3}},"157":{"start":{"line":372,"column":4},"end":{"line":380,"column":5}},"158":{"start":{"line":373,"column":6},"end":{"line":378,"column":30}},"159":{"start":{"line":379,"column":6},"end":{"line":379,"column":22}},"160":{"start":{"line":392,"column":4},"end":{"line":392,"column":58}},"161":{"start":{"line":393,"column":4},"end":{"line":393,"column":72}},"162":{"start":{"line":394,"column":4},"end":{"line":394,"column":53}},"163":{"start":{"line":395,"column":4},"end":{"line":395,"column":46}},"164":{"start":{"line":397,"column":4},"end":{"line":397,"column":75}},"165":{"start":{"line":398,"column":4},"end":{"line":398,"column":54}},"166":{"start":{"line":399,"column":4},"end":{"line":406,"column":5}},"167":{"start":{"line":400,"column":6},"end":{"line":400,"column":59}},"168":{"start":{"line":401,"column":6},"end":{"line":403,"column":9}},"169":{"start":{"line":402,"column":8},"end":{"line":402,"column":39}},"170":{"start":{"line":404,"column":6},"end":{"line":404,"column":36}},"171":{"start":{"line":405,"column":6},"end":{"line":405,"column":22}},"172":{"start":{"line":408,"column":4},"end":{"line":408,"column":38}},"173":{"start":{"line":409,"column":4},"end":{"line":421,"column":19}},"174":{"start":{"line":413,"column":18},"end":{"line":419,"column":19}},"175":{"start":{"line":414,"column":20},"end":{"line":414,"column":55}},"176":{"start":{"line":415,"column":20},"end":{"line":415,"column":63}},"177":{"start":{"line":417,"column":20},"end":{"line":417,"column":49}},"178":{"start":{"line":418,"column":20},"end":{"line":418,"column":49}},"179":{"start":{"line":420,"column":18},"end":{"line":420,"column":48}},"180":{"start":{"line":425,"column":0},"end":{"line":489,"column":3}},"181":{"start":{"line":429,"column":4},"end":{"line":450,"column":8}},"182":{"start":{"line":452,"column":4},"end":{"line":455,"column":5}},"183":{"start":{"line":453,"column":6},"end":{"line":453,"column":39}},"184":{"start":{"line":454,"column":6},"end":{"line":454,"column":22}},"185":{"start":{"line":457,"column":4},"end":{"line":457,"column":24}},"186":{"start":{"line":459,"column":4},"end":{"line":487,"column":5}},"187":{"start":{"line":461,"column":6},"end":{"line":477,"column":9}},"188":{"start":{"line":462,"column":8},"end":{"line":469,"column":9}},"189":{"start":{"line":463,"column":10},"end":{"line":467,"column":44}},"190":{"start":{"line":468,"column":10},"end":{"line":468,"column":26}},"191":{"start":{"line":471,"column":8},"end":{"line":471,"column":73}},"192":{"start":{"line":473,"column":8},"end":{"line":476,"column":44}},"193":{"start":{"line":474,"column":10},"end":{"line":474,"column":32}},"194":{"start":{"line":476,"column":10},"end":{"line":476,"column":44}},"195":{"start":{"line":479,"column":11},"end":{"line":487,"column":5}},"196":{"start":{"line":481,"column":6},"end":{"line":481,"column":48}},"197":{"start":{"line":485,"column":6},"end":{"line":485,"column":39}},"198":{"start":{"line":486,"column":6},"end":{"line":486,"column":22}},"199":{"start":{"line":491,"column":0},"end":{"line":545,"column":3}},"200":{"start":{"line":495,"column":4},"end":{"line":527,"column":8}},"201":{"start":{"line":529,"column":4},"end":{"line":529,"column":24}},"202":{"start":{"line":531,"column":4},"end":{"line":534,"column":5}},"203":{"start":{"line":532,"column":6},"end":{"line":532,"column":39}},"204":{"start":{"line":533,"column":6},"end":{"line":533,"column":22}},"205":{"start":{"line":536,"column":4},"end":{"line":543,"column":5}},"206":{"start":{"line":537,"column":6},"end":{"line":537,"column":39}},"207":{"start":{"line":540,"column":6},"end":{"line":540,"column":80}},"208":{"start":{"line":541,"column":6},"end":{"line":542,"column":59}},"209":{"start":{"line":547,"column":0},"end":{"line":561,"column":3}},"210":{"start":{"line":551,"column":4},"end":{"line":557,"column":5}},"211":{"start":{"line":552,"column":6},"end":{"line":555,"column":55}},"212":{"start":{"line":556,"column":6},"end":{"line":556,"column":22}},"213":{"start":{"line":559,"column":4},"end":{"line":559,"column":27}},"214":{"start":{"line":563,"column":0},"end":{"line":594,"column":3}},"215":{"start":{"line":567,"column":4},"end":{"line":574,"column":5}},"216":{"start":{"line":568,"column":6},"end":{"line":572,"column":60}},"217":{"start":{"line":573,"column":6},"end":{"line":573,"column":22}},"218":{"start":{"line":576,"column":4},"end":{"line":576,"column":57}},"219":{"start":{"line":578,"column":4},"end":{"line":592,"column":7}},"220":{"start":{"line":579,"column":6},"end":{"line":586,"column":7}},"221":{"start":{"line":580,"column":8},"end":{"line":584,"column":49}},"222":{"start":{"line":585,"column":8},"end":{"line":585,"column":24}},"223":{"start":{"line":588,"column":6},"end":{"line":588,"column":61}},"224":{"start":{"line":589,"column":6},"end":{"line":589,"column":36}},"225":{"start":{"line":591,"column":6},"end":{"line":591,"column":47}},"226":{"start":{"line":597,"column":0},"end":{"line":632,"column":2}},"227":{"start":{"line":598,"column":2},"end":{"line":603,"column":22}},"228":{"start":{"line":605,"column":2},"end":{"line":605,"column":27}},"229":{"start":{"line":607,"column":2},"end":{"line":610,"column":3}},"230":{"start":{"line":608,"column":4},"end":{"line":608,"column":32}},"231":{"start":{"line":609,"column":4},"end":{"line":609,"column":21}},"232":{"start":{"line":612,"column":2},"end":{"line":625,"column":3}},"233":{"start":{"line":613,"column":4},"end":{"line":613,"column":75}},"234":{"start":{"line":614,"column":4},"end":{"line":614,"column":32}},"235":{"start":{"line":616,"column":4},"end":{"line":616,"column":70}},"236":{"start":{"line":618,"column":4},"end":{"line":621,"column":59}},"237":{"start":{"line":619,"column":6},"end":{"line":619,"column":46}},"238":{"start":{"line":620,"column":9},"end":{"line":621,"column":59}},"239":{"start":{"line":621,"column":6},"end":{"line":621,"column":59}},"240":{"start":{"line":623,"column":4},"end":{"line":623,"column":31}},"241":{"start":{"line":624,"column":4},"end":{"line":624,"column":20}},"242":{"start":{"line":627,"column":2},"end":{"line":627,"column":18}},"243":{"start":{"line":628,"column":2},"end":{"line":629,"column":32}},"244":{"start":{"line":629,"column":4},"end":{"line":629,"column":32}},"245":{"start":{"line":631,"column":2},"end":{"line":631,"column":30}},"246":{"start":{"line":634,"column":0},"end":{"line":634,"column":7}}},"branchMap":{"1":{"line":21,"type":"if","locations":[{"start":{"line":21,"column":4},"end":{"line":21,"column":4}},{"start":{"line":21,"column":4},"end":{"line":21,"column":4}}]},"2":{"line":34,"type":"if","locations":[{"start":{"line":34,"column":2},"end":{"line":34,"column":2}},{"start":{"line":34,"column":2},"end":{"line":34,"column":2}}]},"3":{"line":38,"type":"binary-expr","locations":[{"start":{"line":38,"column":11},"end":{"line":38,"column":34}},{"start":{"line":38,"column":38},"end":{"line":38,"column":72}}]},"4":{"line":40,"type":"if","locations":[{"start":{"line":40,"column":2},"end":{"line":40,"column":2}},{"start":{"line":40,"column":2},"end":{"line":40,"column":2}}]},"5":{"line":41,"type":"if","locations":[{"start":{"line":41,"column":4},"end":{"line":41,"column":4}},{"start":{"line":41,"column":4},"end":{"line":41,"column":4}}]},"6":{"line":72,"type":"if","locations":[{"start":{"line":72,"column":4},"end":{"line":72,"column":4}},{"start":{"line":72,"column":4},"end":{"line":72,"column":4}}]},"7":{"line":110,"type":"if","locations":[{"start":{"line":110,"column":4},"end":{"line":110,"column":4}},{"start":{"line":110,"column":4},"end":{"line":110,"column":4}}]},"8":{"line":124,"type":"if","locations":[{"start":{"line":124,"column":4},"end":{"line":124,"column":4}},{"start":{"line":124,"column":4},"end":{"line":124,"column":4}}]},"9":{"line":124,"type":"binary-expr","locations":[{"start":{"line":124,"column":8},"end":{"line":124,"column":22}},{"start":{"line":124,"column":26},"end":{"line":124,"column":35}}]},"10":{"line":157,"type":"binary-expr","locations":[{"start":{"line":157,"column":14},"end":{"line":157,"column":32}},{"start":{"line":157,"column":36},"end":{"line":157,"column":49}}]},"11":{"line":160,"type":"if","locations":[{"start":{"line":160,"column":4},"end":{"line":160,"column":4}},{"start":{"line":160,"column":4},"end":{"line":160,"column":4}}]},"12":{"line":162,"type":"if","locations":[{"start":{"line":162,"column":11},"end":{"line":162,"column":11}},{"start":{"line":162,"column":11},"end":{"line":162,"column":11}}]},"13":{"line":162,"type":"binary-expr","locations":[{"start":{"line":162,"column":15},"end":{"line":162,"column":34}},{"start":{"line":162,"column":38},"end":{"line":162,"column":54}}]},"14":{"line":166,"type":"if","locations":[{"start":{"line":166,"column":4},"end":{"line":166,"column":4}},{"start":{"line":166,"column":4},"end":{"line":166,"column":4}}]},"15":{"line":176,"type":"if","locations":[{"start":{"line":176,"column":4},"end":{"line":176,"column":4}},{"start":{"line":176,"column":4},"end":{"line":176,"column":4}}]},"16":{"line":176,"type":"binary-expr","locations":[{"start":{"line":176,"column":8},"end":{"line":176,"column":17}},{"start":{"line":176,"column":21},"end":{"line":176,"column":29}}]},"17":{"line":181,"type":"if","locations":[{"start":{"line":181,"column":4},"end":{"line":181,"column":4}},{"start":{"line":181,"column":4},"end":{"line":181,"column":4}}]},"18":{"line":186,"type":"if","locations":[{"start":{"line":186,"column":4},"end":{"line":186,"column":4}},{"start":{"line":186,"column":4},"end":{"line":186,"column":4}}]},"19":{"line":196,"type":"if","locations":[{"start":{"line":196,"column":4},"end":{"line":196,"column":4}},{"start":{"line":196,"column":4},"end":{"line":196,"column":4}}]},"20":{"line":197,"type":"if","locations":[{"start":{"line":197,"column":6},"end":{"line":197,"column":6}},{"start":{"line":197,"column":6},"end":{"line":197,"column":6}}]},"21":{"line":212,"type":"if","locations":[{"start":{"line":212,"column":10},"end":{"line":212,"column":10}},{"start":{"line":212,"column":10},"end":{"line":212,"column":10}}]},"22":{"line":222,"type":"if","locations":[{"start":{"line":222,"column":4},"end":{"line":222,"column":4}},{"start":{"line":222,"column":4},"end":{"line":222,"column":4}}]},"23":{"line":222,"type":"binary-expr","locations":[{"start":{"line":222,"column":8},"end":{"line":222,"column":24}},{"start":{"line":223,"column":8},"end":{"line":223,"column":36}}]},"24":{"line":238,"type":"if","locations":[{"start":{"line":238,"column":4},"end":{"line":238,"column":4}},{"start":{"line":238,"column":4},"end":{"line":238,"column":4}}]},"25":{"line":255,"type":"if","locations":[{"start":{"line":255,"column":4},"end":{"line":255,"column":4}},{"start":{"line":255,"column":4},"end":{"line":255,"column":4}}]},"26":{"line":255,"type":"binary-expr","locations":[{"start":{"line":255,"column":8},"end":{"line":255,"column":17}},{"start":{"line":255,"column":21},"end":{"line":255,"column":35}}]},"27":{"line":275,"type":"if","locations":[{"start":{"line":275,"column":6},"end":{"line":275,"column":6}},{"start":{"line":275,"column":6},"end":{"line":275,"column":6}}]},"28":{"line":277,"type":"if","locations":[{"start":{"line":277,"column":13},"end":{"line":277,"column":13}},{"start":{"line":277,"column":13},"end":{"line":277,"column":13}}]},"29":{"line":281,"type":"binary-expr","locations":[{"start":{"line":281,"column":19},"end":{"line":281,"column":45}},{"start":{"line":281,"column":49},"end":{"line":281,"column":51}}]},"30":{"line":292,"type":"if","locations":[{"start":{"line":292,"column":4},"end":{"line":292,"column":4}},{"start":{"line":292,"column":4},"end":{"line":292,"column":4}}]},"31":{"line":292,"type":"binary-expr","locations":[{"start":{"line":292,"column":8},"end":{"line":292,"column":17}},{"start":{"line":292,"column":21},"end":{"line":292,"column":35}}]},"32":{"line":311,"type":"if","locations":[{"start":{"line":311,"column":6},"end":{"line":311,"column":6}},{"start":{"line":311,"column":6},"end":{"line":311,"column":6}}]},"33":{"line":325,"type":"if","locations":[{"start":{"line":325,"column":4},"end":{"line":325,"column":4}},{"start":{"line":325,"column":4},"end":{"line":325,"column":4}}]},"34":{"line":336,"type":"if","locations":[{"start":{"line":336,"column":4},"end":{"line":336,"column":4}},{"start":{"line":336,"column":4},"end":{"line":336,"column":4}}]},"35":{"line":340,"type":"if","locations":[{"start":{"line":340,"column":6},"end":{"line":340,"column":6}}
[...]
Name) {","      // Strings, numbers, dates, and booleans are compared by value.","      case '[object String]':","        // Primitives and their corresponding object wrappers are equivalent; thus, `\"5\"` is","        // equivalent to `new String(\"5\")`.","        return a == String(b);","      case '[object Number]':","        // `NaN`s are equivalent, but non-reflexive. An `egal` comparison is performed for","        // other numeric values.","        return a != +a ? b != +b : (a == 0 ? 1 / a == 1 / b : a == +b);","      case '[object Date]':","      case '[object Boolean]':","        // Coerce dates and booleans to numeric primitive values. Dates are compared by their","        // millisecond representations. Note that invalid dates with millisecond representations","        // of `NaN` are not equivalent.","        return +a == +b;","      // RegExps are compared by their source patterns and flags.","      case '[object RegExp]':","        return a.source == b.source &&","               a.global == b.global &&","               a.multiline == b.multiline &&","               a.ignoreCase == b.ignoreCase;","    }","    if (typeof a != 'object' || typeof b != 'object') return false;","    // Assume equality for cyclic structures. The algorithm for detecting cyclic","    // structures is adapted from ES 5.1 section 15.12.3, abstract operation `JO`.","    var length = aStack.length;","    while (length--) {","      // Linear search. Performance is inversely proportional to the number of","      // unique nested structures.","      if (aStack[length] == a) return bStack[length] == b;","    }","    // Add the first object to the stack of traversed objects.","    aStack.push(a);","    bStack.push(b);","    var size = 0, result = true;","    // Recursively compare objects and arrays.","    if (className == '[object Array]') {","      // Compare array lengths to determine if a deep comparison is necessary.","      size = a.length;","      result = size == b.length;","      if (result) {","        // Deep compare the contents, ignoring non-numeric properties.","        while (size--) {","          if (!(result = eq(a[size], b[size], aStack, bStack))) break;","        }","      }","    } else {","      // Objects with different constructors are not equivalent, but `Object`s","      // from different frames are.","      var aCtor = a.constructor, bCtor = b.constructor;","      if (aCtor !== bCtor && !(_.isFunction(aCtor) && (aCtor instanceof aCtor) &&","                               _.isFunction(bCtor) && (bCtor instanceof bCtor))) {","        return false;","      }","      // Deep compare objects.","      for (var key in a) {","        if (_.has(a, key)) {","          // Count the expected number of properties.","          size++;","          // Deep compare each member.","          if (!(result = _.has(b, key) && eq(a[key], b[key], aStack, bStack))) break;","        }","      }","      // Ensure that both objects contain the same number of properties.","      if (result) {","        for (key in b) {","          if (_.has(b, key) && !(size--)) break;","        }","        result = !size;","      }","    }","    // Remove the first object from the stack of traversed objects.","    aStack.pop();","    bStack.pop();","    return result;","  };","","  // Perform a deep comparison to check if two objects are equal.","  _.isEqual = function(a, b) {","    return eq(a, b, [], []);","  };","","  // Is a given array, string, or object empty?","  // An \"empty\" object has no enumerable own-properties.","  _.isEmpty = function(obj) {","    if (obj == null) return true;","    if (_.isArray(obj) || _.isString(obj)) return obj.length === 0;","    for (var key in obj) if (_.has(obj, key)) return false;","    return true;","  };","","  // Is a given value a DOM element?","  _.isElement = function(obj) {","    return !!(obj && obj.nodeType === 1);","  };","","  // Is a given value an array?","  // Delegates to ECMA5's native Array.isArray","  _.isArray = nativeIsArray || function(obj) {","    return toString.call(obj) == '[object Array]';","  };","","  // Is a given variable an object?","  _.isObject = function(obj) {","    return obj === Object(obj);","  };","","  // Add some isType methods: isArguments, isFunction, isString, isNumber, isDate, isRegExp.","  each(['Arguments', 'Function', 'String', 'Number', 'Date', 'RegExp'], function(name) {","    _['is' + name] = function(obj) {","      return toString.call(obj) == '[object ' + name + ']';","    };","  });","","  // Define a fallback version of the method in browsers (ahem, IE), where","  // there isn't any inspectable \"Arguments\" type.","  if (!_.isArguments(arguments)) {","    _.isArguments = function(obj) {","      return !!(obj && _.has(obj, 'callee'));","    };","  }","","  // Optimize `isFunction` if appropriate.","  if (typeof (/./) !== 'function') {","    _.isFunction = function(obj) {","      return typeof obj === 'function';","    };","  }","","  // Is a given object a finite number?","  _.isFinite = function(obj) {","    return _.isNumber(obj) && isFinite(obj);","  };","","  // Is the given value `NaN`? (NaN is the only number which does not equal itself).","  _.isNaN = function(obj) {","    return _.isNumber(obj) && obj != +obj;","  };","","  // Is a given value a boolean?","  _.isBoolean = function(obj) {","    return obj === true || obj === false || toString.call(obj) == '[object Boolean]';","  };","","  // Is a given value equal to null?","  _.isNull = function(obj) {","    return obj === null;","  };","","  // Is a given variable undefined?","  _.isUndefined = function(obj) {","    return obj === void 0;","  };","","  // Shortcut function for checking if an object has a given property directly","  // on itself (in other words, not on a prototype).","  _.has = function(obj, key) {","    return hasOwnProperty.call(obj, key);","  };","","  // Utility Functions","  // -----------------","","  // Run Underscore.js in *noConflict* mode, returning the `_` variable to its","  // previous owner. Returns a reference to the Underscore object.","  _.noConflict = function() {","    root._ = previousUnderscore;","    return this;","  };","","  // Keep the identity function around for default iterators.","  _.identity = function(value) {","    return value;","  };","","  // Run a function **n** times.","  _.times = function(n, iterator, context) {","    for (var i = 0; i < n; i++) iterator.call(context, i);","  };","","  // Return a random integer between min and max (inclusive).","  _.random = function(min, max) {","    if (max == null) {","      max = min;","      min = 0;","    }","    return min + (0 | Math.random() * (max - min + 1));","  };","","  // List of HTML entities for escaping.","  var entityMap = {","    escape: {","      '&': '&amp;',","      '<': '&lt;',","      '>': '&gt;',","      '\"': '&quot;',","      \"'\": '&#x27;',","      '/': '&#x2F;'","    }","  };","  entityMap.unescape = _.invert(entityMap.escape);","","  // Regexes containing the keys and values listed immediately above.","  var entityRegexes = {","    escape:   new RegExp('[' + _.keys(entityMap.escape).join('') + ']', 'g'),","    unescape: new RegExp('(' + _.keys(entityMap.unescape).join('|') + ')', 'g')","  };","","  // Functions for escaping and unescaping strings to/from HTML interpolation.","  _.each(['escape', 'unescape'], function(method) {","    _[method] = function(string) {","      if (string == null) return '';","      return ('' + string).replace(entityRegexes[method], function(match) {","        return entityMap[method][match];","      });","    };","  });","","  // If the value of the named property is a function then invoke it;","  // otherwise, return it.","  _.result = function(object, property) {","    if (object == null) return null;","    var value = object[property];","    return _.isFunction(value) ? value.call(object) : value;","  };","","  // Add your own custom functions to the Underscore object.","  _.mixin = function(obj) {","    each(_.functions(obj), function(name){","      var func = _[name] = obj[name];","      _.prototype[name] = function() {","        var args = [this._wrapped];","        push.apply(args, arguments);","        return result.call(this, func.apply(_, args));","      };","    });","  };","","  // Generate a unique integer id (unique within the entire client session).","  // Useful for temporary DOM ids.","  var idCounter = 0;","  _.uniqueId = function(prefix) {","    var id = idCounter++;","    return prefix ? prefix + id : id;","  };","","  // By default, Underscore uses ERB-style template delimiters, change the","  // following template settings to use alternative delimiters.","  _.templateSettings = {","    evaluate    : /<%([\\s\\S]+?)%>/g,","    interpolate : /<%=([\\s\\S]+?)%>/g,","    escape      : /<%-([\\s\\S]+?)%>/g","  };","","  // When customizing `templateSettings`, if you don't want to define an","  // interpolation, evaluation or escaping regex, we need one that is","  // guaranteed not to match.","  var noMatch = /(.)^/;","","  // Certain characters need to be escaped so that they can be put into a","  // string literal.","  var escapes = {","    \"'\":      \"'\",","    '\\\\':     '\\\\',","    '\\r':     'r',","    '\\n':     'n',","    '\\t':     't',","    '\\u2028': 'u2028',","    '\\u2029': 'u2029'","  };","","  var escaper = /\\\\|'|\\r|\\n|\\t|\\u2028|\\u2029/g;","","  // JavaScript micro-templating, similar to John Resig's implementation.","  // Underscore templating handles arbitrary delimiters, preserves whitespace,","  // and correctly escapes quotes within interpolated code.","  _.template = function(text, data, settings) {","    settings = _.defaults({}, settings, _.templateSettings);","","    // Combine delimiters into one regular expression via alternation.","    var matcher = new RegExp([","      (settings.escape || noMatch).source,","      (settings.interpolate || noMatch).source,","      (settings.evaluate || noMatch).source","    ].join('|') + '|$', 'g');","","    // Compile the template source, escaping string literals appropriately.","    var index = 0;","    var source = \"__p+='\";","    text.replace(matcher, function(match, escape, interpolate, evaluate, offset) {","      source += text.slice(index, offset)","        .replace(escaper, function(match) { return '\\\\' + escapes[match]; });","      source +=","        escape ? \"'+\\n((__t=(\" + escape + \"))==null?'':_.escape(__t))+\\n'\" :","        interpolate ? \"'+\\n((__t=(\" + interpolate + \"))==null?'':__t)+\\n'\" :","        evaluate ? \"';\\n\" + evaluate + \"\\n__p+='\" : '';","      index = offset + match.length;","    });","    source += \"';\\n\";","","    // If a variable is not specified, place data values in local scope.","    if (!settings.variable) source = 'with(obj||{}){\\n' + source + '}\\n';","","    source = \"var __t,__p='',__j=Array.prototype.join,\" +","      \"print=function(){__p+=__j.call(arguments,'');};\\n\" +","      source + \"return __p;\\n\";","","    try {","      var render = new Function(settings.variable || 'obj', '_', source);","    } catch (e) {","      e.source = source;","      throw e;","    }","","    if (data) return render(data, _);","    var template = function(data) {","      return render.call(this, data, _);","    };","","    // Provide the compiled function source as a convenience for precompilation.","    template.source = 'function(' + (settings.variable || 'obj') + '){\\n' + source + '}';","","    return template;","  };","","  // Add a \"chain\" function, which will delegate to the wrapper.","  _.chain = function(obj) {","    return _(obj).chain();","  };","","  // OOP","  // ---------------","  // If Underscore is called as a function, it returns a wrapped object that","  // can be used OO-style. This wrapper holds altered versions of all the","  // underscore functions. Wrapped objects may be chained.","","  // Helper function to continue chaining intermediate results.","  var result = function(obj) {","    return this._chain ? _(obj).chain() : obj;","  };","","  // Add all of the Underscore functions to the wrapper object.","  _.mixin(_);","","  // Add all mutator Array functions to the wrapper.","  each(['pop', 'push', 'reverse', 'shift', 'sort', 'splice', 'unshift'], function(name) {","    var method = ArrayProto[name];","    _.prototype[name] = function() {","      var obj = this._wrapped;","      method.apply(obj, arguments);","      if ((name == 'shift' || name == 'splice') && obj.length === 0) delete obj[0];","      return result.call(this, obj);","    };","  });","","  // Add all accessor Array functions to the wrapper.","  each(['concat', 'join', 'slice'], function(name) {","    var method = ArrayProto[name];","    _.prototype[name] = function() {","      return result.call(this, method.apply(this._wrapped, arguments));","    };","  });","","  _.extend(_.prototype, {","","    // Start chaining a wrapped Underscore object.","    chain: function() {","      this._chain = true;","      return this;","    },","","    // Extracts the result from a wrapped and chained object.","    value: function() {","      return this._wrapped;","    }","","  });","","}).call(this);",""],"l":{"6":1,"12":1,"15":1,"18":1,"21":1,"24":1,"33":1,"48":1,"49":0,"50":0,"51":0,"58":1,"59":1,"60":1,"62":1,"64":0,"68":1,"76":1,"77":6,"78":6,"79":6,"80":0,"81":0,"82":0,"85":0,"86":0,"87":0,"95":1,"96":0,"97":0,"98":0,"99":0,"100":0,"102":0,"107":1,"108":0,"109":0,"110":0,"111":0,"112":0,"114":0,"115":0,"116":0,"117":0,"119":0,"122":0,"123":0,"128":1,"129":0,"130":0,"131":0,"132":0,"133":0,"135":0,"136":0,"137":0,"138":0,"140":0,"141":0,"142":0,"143":0,"144":0,"146":0,"149":0,"150":0,"154":1,"155":0,"156":0,"157":0,"158":0,"159":0,"162":0,"168":1,"169":0,"170":0,"171":0,"172":0,"173":0,"175":0,"179":1,"180":0,"181":0,"182":0,"183":0,"185":0,"191":1,"192":0,"193":0,"194":0,"195":0,"196":0,"197":0,"199":0,"205":1,"206":0,"207":0,"208":0,"209":0,"210":0,"211":0,"213":0,"218":1,"219":0,"220":0,"221":0,"222":0,"223":0,"225":0,"229":1,"230":0,"231":0,"232":0,"237":1,"238":0,"243":1,"244":0,"245":0,"246":0,"247":0,"249":0,"256":1,"257":0,"258":0,"260":0,"261":0,"262":0,"263":0,"264":0,"266":0,"270":1,"271":0,"272":0,"274":0,"275":0,"276":0,"277":0,"278":0,"280":0,"284":1,"285":0,"286":0,"287":0,"288":0,"289":0,"290":0,"291":0,"293":0,"297":1,"298":0,"302":1,"303":0,"304":0,"305":0,"311":0,"312":0,"313":0,"314":0,"315":0,"317":0,"322":1,"323":0,"324":0,"325":0,"326":0,"327":0,"329":0,"334":1,"335":0,"336":0,"343":1,"344":0,"345":0,"346":0,"352":1,"353":0,"354":0,"355":0,"356":0,"357":0,"358":0,"360":0,"364":1,"365":0,"366":0,"367":0,"371":1,"372":0,"381":1,"382":0,"389":1,"390":0,"395":1,"396":0,"397":0,"399":0,"407":1,"408":0,"412":1,"413":0,"417":1,"418":0,"419":0,"420":0,"422":0,"425":0,"429":1,"430":0,"434":1,"435":0,"441":1,"442":0,"443":0,"444":0,"445":0,"446":0,"447":0,"448":0,"451":0,"456":1,"457":0,"462":1,"463":0,"464":0,"465":0,"466":0,"473":1,"474":0,"475":0,"480":1,"481":0,"482":0,"483":0,"484":0,"485":0,"487":0,"493":1,"494":0,"495":0,"496":0,"497":0,"499":0,"502":0,"511":1,"512":0,"513":0,"514":0,"515":0,"516":0,"518":0,"519":0,"522":0,"523":0,"524":0,"528":1,"529":0,"530":0,"531":0,"532":0,"534":0,"535":0,"536":0,"542":1,"543":0,"544":0,"545":0,"547":0,"549":0,"550":0,"551":0,"553":0,"554":0,"555":0,"558":0,"565":1,"571":1,"572":0,"573":0,"574":0,"575":0,"576":0,"577":0,"578":0,"579":0,"580":0,"581":0,"582":0,"588":1,"589":0,"590":0,"591":0,"592":0,"596":1,"597":0,"598":0,"599":0,"600":0,"601":0,"607":1,"608":0,"609":0,"614":1,"615":0,"620":1,"621":0,"622":0,"623":0,"624":0,"625":0,"626":0,"627":0,"628":0,"630":0,"632":0,"633":0,"634":0,"636":0,"637":0,"639":0,"640":0,"648":1,"649":0,"650":0,"651":0,"652":0,"653":0,"654":0,"656":0,"657":0,"658":0,"659":0,"660":0,"666":1,"667":0,"668":0,"669":0,"670":0,"671":0,"672":0,"673":0,"680":1,"681":0,"682":0,"683":0,"684":0,"690":1,"691":0,"692":0,"693":0,"694":0,"695":0,"697":0,"702":1,"703":0,"704":0,"705":0,"706":0,"716":1,"717":0,"718":0,"719":0,"720":0,"724":1,"725":0,"726":0,"727":0,"731":1,"732":0,"733":0,"734":0,"738":1,"739":1,"740":6,"741":1,"746":1,"747":1,"748":1,"749":107,"751":1,"755":1,"756":1,"757":1,"758":2,"761":1,"765":1,"766":0,"767":0,"768":0,"769":0,"771":0,"775":1,"776":0,"777":0,"778":0,"779":0,"781":0,"785":1,"786":0,"787":0,"788":0,"791":0,"795":1,"796":0,"797":0,"803":1,"804":0,"805":0,"809":1,"812":0,"814":0,"816":0,"817":0,"819":0,"820":0,"821":0,"826":0,"830":0,"836":0,"839":0,"844":0,"847":0,"848":0,"851":0,"854":0,"855":0,"856":0,"858":0,"860":0,"861":0,"862":0,"864":0,"865":0,"871":0,"872":0,"874":0,"877":0,"878":0,"880":0,"882":0,"886":0,"887":0,"888":0,"890":0,"894":0,"895":0,"896":0,"900":1,"901":0,"906":1,"907":0,"908":0,"909":0,"910":0,"914":1,"915":0,"920":1,"921":0,"925":1,"926":0,"930":1,"931":6,"932":1,"938":1,"939":0,"940":0,"945":1,"946":1,"947":107,"952":1,"953":0,"957":1,"958":0,"962":1,"963":0,"967":1,"968":0,"972":1,"973":0,"978":1,"979":6,"987":1,"988":0,"989":0,"993":1,"994":0,"998":1,"999":0,"1003":1,"1004":0,"1005":0,"1006":0,"1008":0,"1012":1,"1022":1,"1025":1,"1031":1,"1032":2,"1033":0,"1034":0,"1035":0,"1042":1,"1043":0,"1044":0,"1045":0,"1049":1,"1050":1,"1051":105,"1052":105,"1053":0,"1054":0,"1055":0,"1062":1,"1063":1,"1064":0,"1065":0,"1070":1,"1079":1,"1083":1,"1093":1,"1098":1,"1099":0,"1102":0,"1109":0,"1110":0,"1111":0,"1112":0,"1113":0,"1114":0,"1118":0,"1120":0,"1123":0,"1125":0,"1129":0,"1130":0,"1132":0,"1133":0,"1136":0,"1137":0,"1138":0,"1142":0,"1144":0,"1148":1,"1149":0,"1159":1,"1160":0,"1164":1,"1167":1,"1168":7,"1169":7,"1170":0,"1171":0,"1172":0,"1173":0,"1178":1,"1179":3,"1180":3,"1181":0,"1185":1,"1189":0,"1190":0,"1195":0}},"/home/travis/build/npmtest/node-npmtest-meteor/node_modules/meteor/app/meteor/skel/~name~.js":{"path":"/home/travis/build/npmtest/node-npmtest-meteor/node_modules/meteor/app/meteor/skel/~name~.js","s":{"1":2,"2":0,"3":0,"4":0,"5":0,"6":0,"7":0,"8":0},"b":{"1":[0,0],"2":[0,0],"3":[0,0]},"f":{"1":0,"2":0,"3":0},"fnMap":{"1":{"name":"(anonymous_1)","line":2,"loc":{"start":{"line":2,"column":28},"end":{"line":2,"column":40}}},"2":{"name":"(anonymous_2)","line":7,"loc":{"start":{"line":7,"column":20},"end":{"line":7,"column":32}}},"3":{"name":"(anonymous_3)","line":16,"loc":{"start":{"line":16,"column":17},"end":{"line":16,"column":29}}}},"statementMap":{"1":{"start":{"line":1,"column":0},"end":{"line":13,"column":1}},"2":{"start":{"line":2,"column":2},"end":{"line":4,"column":4}},"3":{"start":{"line":3,"column":4},"end":{"line":3,"column":32}},"4":{"start":{"line":6,"column":2},"end":{"line":12,"column":5}},"5":{"start":{"line":9,"column":6},"end":{"line":10,"column":46}},"6":{"start":{"line":10,"column":8},"end":{"line":10,"column":46}},"7":{"start":{"line":15,"column":0},"end":{"line":19,"column":1}},"8":{"start":{"line":16,"column":2},"end":{"line":18,"column":5}}},"branchMap":{"1":{"line":1,"type":"if","locations":[{"start":{"line":1,"column":0},"end":{"line":1,"column":0}},{"start":{"line":1,"column":0},"end":{"line":1,"column":0}}]},"2":{"line":9,"type":"if","locations":[{"start":{"line":9,"column":6},"end":{"line":9,"column":6}},{"start":{"line":9,"column":6},"end":{"line":9,"column":6}}]},"3":{"line":15,"type":"if","locations":[{"start":{"line":15,"column":0},"end":{"line":15,"column":0}},{"start":{"line":15,"column":0},"end":{"line":15,"column":0}}]}},"code":["if (Meteor.isClient) {","  Template.hello.greeting = function () {","    return \"Welcome to ~name~.\";","  };","","  Template.hello.events({","    'click input' : function () {","      // template data, if any, is available in 'this'","      if (typeof console !== 'undefined')","        console.log(\"You pressed the button\");","    }","  });","}","","if (Meteor.isServer) {","  Meteor.startup(function () {","    // code to run on server at startup","  });","}",""],"l":{"1":2,"2":0,"3":0,"6":0,"9":0,"10":0,"15":0,"16":0}}}